{"/home/james/Dropbox/vuemasterclass/src/components/ActionButton.vue": {"path":"/home/james/Dropbox/vuemasterclass/src/components/ActionButton.vue","statementMap":{"0":{"start":{"line":4,"column":0},"end":{"line":6,"column":3}},"1":{"start":{"line":7,"column":0},"end":{"line":7,"column":25}},"2":{"start":{"line":8,"column":15},"end":{"line":10,"column":1}},"3":{"start":{"line":13,"column":0},"end":{"line":13,"column":13}},"4":{"start":{"line":15,"column":0},"end":{"line":17,"column":3}},"5":{"start":{"line":18,"column":0},"end":{"line":18,"column":24}},"6":{"start":{"line":19,"column":11},"end":{"line":19,"column":25}},"7":{"start":{"line":20,"column":19},"end":{"line":22,"column":1}},"8":{"start":{"line":24,"column":2},"end":{"line":24,"column":96}},"9":{"start":{"line":25,"column":2},"end":{"line":25,"column":49}}},"fnMap":{"0":{"name":"render","decl":{"start":{"line":23,"column":9},"end":{"line":23,"column":15}},"loc":{"start":{"line":23,"column":30},"end":{"line":25,"column":1}},"line":23}},"branchMap":{},"s":{"0":1,"1":1,"2":1,"3":1,"4":1,"5":1,"6":1,"7":1,"8":4,"9":1},"f":{"0":4},"b":{},"inputSourceMap":{"0":"{","1":"\"","2":"v","3":"e","4":"r","5":"s","6":"i","7":"o","8":"n","9":"\"","10":":","11":"3","12":",","13":"\"","14":"s","15":"o","16":"u","17":"r","18":"c","19":"e","20":"s","21":"\"","22":":","23":"[","24":"\"","25":"/","26":"h","27":"o","28":"m","29":"e","30":"/","31":"j","32":"a","33":"m","34":"e","35":"s","36":"/","37":"D","38":"r","39":"o","40":"p","41":"b","42":"o","43":"x","44":"/","45":"v","46":"u","47":"e","48":"m","49":"a","50":"s","51":"t","52":"e","53":"r","54":"c","55":"l","56":"a","57":"s","58":"s","59":"/","60":"s","61":"r","62":"c","63":"/","64":"c","65":"o","66":"m","67":"p","68":"o","69":"n","70":"e","71":"n","72":"t","73":"s","74":"/","75":"A","76":"c","77":"t","78":"i","79":"o","80":"n","81":"B","82":"u","83":"t","84":"t","85":"o","86":"n","87":".","88":"v","89":"u","90":"e","91":"\"","92":"]","93":",","94":"\"","95":"n","96":"a","97":"m","98":"e","99":"s","100":"\"","101":":","102":"[","103":"]","104":",","105":"\"","106":"m","107":"a","108":"p","109":"p","110":"i","111":"n","112":"g","113":"s","114":"\"","115":":","116":"\"","117":";","118":";","119":";","120":";","121":";","122":";","123":";","124":"e","125":"A","126":"S","127":"e","128":";","129":"E","130":"A","131":"C","132":"b","133":",","134":"I","135":"A","136":"A","137":"I","138":",","139":"E","140":"A","141":"A","142":"E","143":";","144":"A","145":"A","146":"C","147":"R","148":",","149":"C","150":"A","151":"A","152":"C","153":";","154":"A","155":"A","156":"A","157":"A","158":";","159":"A","160":"A","161":"A","162":"A","163":"\"","164":",","165":"\"","166":"f","167":"i","168":"l","169":"e","170":"\"","171":":","172":"\"","173":"/","174":"h","175":"o","176":"m","177":"e","178":"/","179":"j","180":"a","181":"m","182":"e","183":"s","184":"/","185":"D","186":"r","187":"o","188":"p","189":"b","190":"o","191":"x","192":"/","193":"v","194":"u","195":"e","196":"m","197":"a","198":"s","199":"t","200":"e","201":"r","202":"c","203":"l","204":"a","205":"s","206":"s","207":"/","208":"s","209":"r","210":"c","211":"/","212":"c","213":"o","214":"m","215":"p","216":"o","217":"n","218":"e","219":"n","220":"t","221":"s","222":"/","223":"A","224":"c","225":"t","226":"i","227":"o","228":"n","229":"B","230":"u","231":"t","232":"t","233":"o","234":"n","235":".","236":"v","237":"u","238":"e","239":"\"","240":",","241":"\"","242":"s","243":"o","244":"u","245":"r","246":"c","247":"e","248":"s","249":"C","250":"o","251":"n","252":"t","253":"e","254":"n","255":"t","256":"\"","257":":","258":"[","259":"\"","260":"<","261":"t","262":"e","263":"m","264":"p","265":"l","266":"a","267":"t","268":"e","269":">","270":"\\","271":"n","272":" ","273":" ","274":"<","275":"b","276":"u","277":"t","278":"t","279":"o","280":"n","281":"\\","282":"n","283":" ","284":" ","285":" ","286":" ","287":"c","288":"l","289":"a","290":"s","291":"s","292":"=","293":"\\","294":"\"","295":"p","296":"x","297":"-","298":"5","299":" ","300":"p","301":"y","302":"-","303":"3","304":" ","305":"f","306":"o","307":"n","308":"t","309":"-","310":"m","311":"e","312":"d","313":"i","314":"u","315":"m","316":" ","317":"t","318":"e","319":"x","320":"t","321":"-","322":"w","323":"h","324":"i","325":"t","326":"e","327":" ","328":"b","329":"o","330":"r","331":"d","332":"e","333":"r","334":"-","335":"0","336":" ","337":"r","338":"o","339":"u","340":"n","341":"d","342":"e","343":"d","344":" ","345":"b","346":"g","347":"-","348":"b","349":"r","350":"a","351":"n","352":"d","353":"-","354":"b","355":"l","356":"u","357":"e","358":"-","359":"1","360":" ","361":"h","362":"o","363":"v","364":"e","365":"r","366":":","367":"s","368":"h","369":"a","370":"d","371":"o","372":"w","373":"-","374":"b","375":"l","376":"u","377":"e","378":"\\","379":"\"","380":"\\","381":"n","382":" ","383":" ","384":">","385":"\\","386":"n","387":" ","388":" ","389":" ","390":" ","391":"S","392":"i","393":"g","394":"n","395":" ","396":"i","397":"n","398":"\\","399":"n","400":" ","401":" ","402":"<","403":"/","404":"b","405":"u","406":"t","407":"t","408":"o","409":"n","410":">","411":"\\","412":"n","413":"<","414":"/","415":"t","416":"e","417":"m","418":"p","419":"l","420":"a","421":"t","422":"e","423":">","424":"\\","425":"n","426":"\\","427":"n","428":"<","429":"s","430":"c","431":"r","432":"i","433":"p","434":"t","435":">","436":"\\","437":"n","438":"e","439":"x","440":"p","441":"o","442":"r","443":"t","444":" ","445":"d","446":"e","447":"f","448":"a","449":"u","450":"l","451":"t","452":" ","453":"{","454":"\\","455":"n","456":" ","457":" ","458":"n","459":"a","460":"m","461":"e","462":":","463":" ","464":"\\","465":"\"","466":"A","467":"c","468":"t","469":"i","470":"o","471":"n","472":"B","473":"u","474":"t","475":"t","476":"o","477":"n","478":"\\","479":"\"","480":",","481":"\\","482":"n","483":"}","484":";","485":"\\","486":"n","487":"<","488":"/","489":"s","490":"c","491":"r","492":"i","493":"p","494":"t","495":">","496":"\\","497":"n","498":"\"","499":"]","500":"}"},"_coverageSchema":"1a1c01bbd47fc00a2c39e90264f33305004495a9","hash":"5baed77c7ceacf4119735d9821f897de1e5a8e31"}
,"/home/james/Dropbox/vuemasterclass/src/components/MainNav.vue": {"path":"/home/james/Dropbox/vuemasterclass/src/components/MainNav.vue","statementMap":{"0":{"start":{"line":4,"column":29},"end":{"line":4,"column":143}},"1":{"start":{"line":5,"column":0},"end":{"line":7,"column":3}},"2":{"start":{"line":8,"column":0},"end":{"line":8,"column":25}},"3":{"start":{"line":46,"column":0},"end":{"line":46,"column":13}},"4":{"start":{"line":48,"column":0},"end":{"line":50,"column":3}},"5":{"start":{"line":51,"column":0},"end":{"line":51,"column":24}},"6":{"start":{"line":52,"column":11},"end":{"line":52,"column":25}},"7":{"start":{"line":53,"column":19},"end":{"line":55,"column":1}},"8":{"start":{"line":56,"column":19},"end":{"line":58,"column":1}},"9":{"start":{"line":59,"column":19},"end":{"line":61,"column":1}},"10":{"start":{"line":62,"column":19},"end":{"line":62,"column":27}},"11":{"start":{"line":63,"column":19},"end":{"line":65,"column":1}},"12":{"start":{"line":66,"column":19},"end":{"line":68,"column":1}},"13":{"start":{"line":69,"column":19},"end":{"line":72,"column":1}},"14":{"start":{"line":73,"column":19},"end":{"line":75,"column":1}},"15":{"start":{"line":77,"column":34},"end":{"line":77,"column":76}},"16":{"start":{"line":78,"column":34},"end":{"line":78,"column":76}},"17":{"start":{"line":79,"column":2},"end":{"line":95,"column":48}},"18":{"start":{"line":83,"column":4},"end":{"line":87,"column":107}},"19":{"start":{"line":96,"column":2},"end":{"line":96,"column":49}}},"fnMap":{"0":{"name":"render","decl":{"start":{"line":76,"column":9},"end":{"line":76,"column":15}},"loc":{"start":{"line":76,"column":30},"end":{"line":96,"column":1}},"line":76},"1":{"name":"(anonymous_1)","decl":{"start":{"line":82,"column":292},"end":{"line":82,"column":293}},"loc":{"start":{"line":82,"column":304},"end":{"line":88,"column":3}},"line":82}},"branchMap":{"0":{"loc":{"start":{"line":88,"column":87},"end":{"line":95,"column":39}},"type":"cond-expr","locations":[{"start":{"line":88,"column":106},"end":{"line":91,"column":4}},{"start":{"line":91,"column":9},"end":{"line":95,"column":38}}],"line":88}},"s":{"0":1,"1":1,"2":1,"3":1,"4":1,"5":1,"6":1,"7":1,"8":1,"9":1,"10":1,"11":1,"12":1,"13":1,"14":1,"15":5,"16":5,"17":5,"18":30,"19":1},"f":{"0":5,"1":30},"b":{"0":[1,4]},"inputSourceMap":{"0":"{","1":"\"","2":"v","3":"e","4":"r","5":"s","6":"i","7":"o","8":"n","9":"\"","10":":","11":"3","12":",","13":"\"","14":"s","15":"o","16":"u","17":"r","18":"c","19":"e","20":"s","21":"\"","22":":","23":"[","24":"\"","25":"/","26":"h","27":"o","28":"m","29":"e","30":"/","31":"j","32":"a","33":"m","34":"e","35":"s","36":"/","37":"D","38":"r","39":"o","40":"p","41":"b","42":"o","43":"x","44":"/","45":"v","46":"u","47":"e","48":"m","49":"a","50":"s","51":"t","52":"e","53":"r","54":"c","55":"l","56":"a","57":"s","58":"s","59":"/","60":"s","61":"r","62":"c","63":"/","64":"c","65":"o","66":"m","67":"p","68":"o","69":"n","70":"e","71":"n","72":"t","73":"s","74":"/","75":"M","76":"a","77":"i","78":"n","79":"N","80":"a","81":"v","82":".","83":"v","84":"u","85":"e","86":"\"","87":"]","88":",","89":"\"","90":"n","91":"a","92":"m","93":"e","94":"s","95":"\"","96":":","97":"[","98":"]","99":",","100":"\"","101":"m","102":"a","103":"p","104":"p","105":"i","106":"n","107":"g","108":"s","109":"\"","110":":","111":"\"","112":";","113":";","114":";","115":";","116":";","117":";","118":";","119":";","120":"A","121":"A","122":"i","123":"C","124":"A","125":";","126":"A","127":"A","128":"A","129":"A","130":";","131":"A","132":"A","133":"A","134":"A","135":";","136":"A","137":"A","138":"C","139":"A","140":";","141":"A","142":"A","143":"A","144":"A","145":";","146":"A","147":"A","148":"A","149":"A","150":";","151":"A","152":"A","153":"A","154":"y","155":"D","156":";","157":"A","158":"A","159":"A","160":"A","161":",","162":"e","163":"A","164":"E","165":"1","166":"C","167":";","168":"E","169":"A","170":"C","171":"b","172":",","173":"I","174":"A","175":"A","176":"I","177":",","178":"E","179":"A","180":"A","181":"E","182":",","183":"S","184":"A","185":"A","186":"S","187":";","188":"E","189":"A","190":"C","191":"f","192":",","193":"U","194":"A","195":"A","196":"U","197":",","198":"E","199":"A","200":"A","201":"E","202":";","203":"I","204":"A","205":"C","206":"V","207":",","208":"Y","209":"A","210":"A","211":"Y","212":";","213":"I","214":"A","215":"A","216":"Z","217":";","218":"I","219":"A","220":"A","221":"A","222":";","223":"I","224":"A","225":"A","226":"A","227":";","228":"I","229":"A","230":"A","231":"A","232":",","233":"O","234":"A","235":"A","236":"Y","237":";","238":"I","239":"A","240":"C","241":"Z","242":",","243":"Y","244":"A","245":"A","246":"Y","247":";","248":"I","249":"A","250":"A","251":"Z","252":";","253":"I","254":"A","255":"A","256":"A","257":";","258":"I","259":"A","260":"A","261":"A","262":";","263":"I","264":"A","265":"A","266":"A","267":";","268":"E","269":"A","270":"C","271":"F","272":",","273":"C","274":"A","275":"A","276":"C","277":";","278":"E","279":"A","280":"C","281":"D","282":",","283":"I","284":"A","285":"A","286":"I","287":",","288":"G","289":"A","290":"A","291":"G","292":";","293":"I","294":"A","295":"C","296":"L","297":",","298":"O","299":"A","300":"A","301":"O","302":";","303":"M","304":"A","305":"C","306":"L","307":",","308":"O","309":"A","310":"A","311":"O","312":",","313":"E","314":"A","315":"A","316":"E","317":",","318":"k","319":"B","320":"A","321":"A","322":"k","323":"B","324":";","325":"M","326":"A","327":"C","328":"3","329":"B","330":",","331":"G","332":"A","333":"A","334":"G","335":",","336":"E","337":"A","338":"A","339":"E","340":",","341":"4","342":"B","343":"A","344":"A","345":"4","346":"B","347":";","348":"M","349":"A","350":"C","351":"j","352":"C","353":",","354":"S","355":"A","356":"A","357":"S","358":",","359":"E","360":"A","361":"A","362":"E","363":",","364":"C","365":"A","366":"C","367":"T","368":",","369":"O","370":"A","371":"A","372":"O","373":",","374":"E","375":"A","376":"C","377":"P","378":",","379":"W","380":"A","381":"A","382":"W","383":",","384":"E","385":"A","386":"C","387":"X","388":",","389":"k","390":"B","391":"A","392":"A","393":"k","394":"B","395":",","396":"E","397":"A","398":"C","399":"l","400":"B","401":",","402":"a","403":"A","404":"A","405":"a","406":",","407":"E","408":"A","409":"C","410":"b","411":",","412":"U","413":"A","414":"A","415":"U","416":",","417":"E","418":"A","419":"C","420":"V","421":",","422":"M","423":"A","424":"A","425":"M","426":",","427":"C","428":"A","429":"C","430":"P","431":";","432":"M","433":"A","434":"C","435":"D","436":",","437":"U","438":"A","439":"A","440":"U","441":",","442":"E","443":"A","444":"A","445":"E","446":";","447":"I","448":"A","449":"C","450":"d","451":",","452":"C","453":"A","454":"A","455":"C","456":";","457":"E","458":"A","459":"C","460":"H","461":",","462":"C","463":"A","464":"A","465":"C","466":";","467":"E","468":"A","469":"C","470":"D","471":",","472":"O","473":"A","474":"A","475":"O","476":",","477":"E","478":"A","479":"A","480":"E","481":";","482":"I","483":"A","484":"C","485":"P","486":",","487":"S","488":"A","489":"A","490":"S","491":",","492":"G","493":"A","494":"A","495":"G","496":";","497":"M","498":"A","499":"C","500":"V","501":",","502":"I","503":"A","504":"A","505":"I","506":",","507":"C","508":"A","509":"A","510":"C","511":",","512":"U","513":"A","514":"A","515":"U","516":",","517":"G","518":"A","519":"A","520":"G","521":",","522":"I","523":"A","524":"A","525":"I","526":";","527":"I","528":"A","529":"C","530":"x","531":"B","532":";","533":"E","534":"A","535":"C","536":"F","537":";","538":"A","539":"A","540":"C","541":"F","542":",","543":"C","544":"A","545":"A","546":"C","547":";","548":"A","549":"A","550":"A","551":"A","552":";","553":"A","554":"A","555":"A","556":"A","557":"\"","558":",","559":"\"","560":"f","561":"i","562":"l","563":"e","564":"\"","565":":","566":"\"","567":"/","568":"h","569":"o","570":"m","571":"e","572":"/","573":"j","574":"a","575":"m","576":"e","577":"s","578":"/","579":"D","580":"r","581":"o","582":"p","583":"b","584":"o","585":"x","586":"/","587":"v","588":"u","589":"e","590":"m","591":"a","592":"s","593":"t","594":"e","595":"r","596":"c","597":"l","598":"a","599":"s","600":"s","601":"/","602":"s","603":"r","604":"c","605":"/","606":"c","607":"o","608":"m","609":"p","610":"o","611":"n","612":"e","613":"n","614":"t","615":"s","616":"/","617":"M","618":"a","619":"i","620":"n","621":"N","622":"a","623":"v","624":".","625":"v","626":"u","627":"e","628":"\"","629":",","630":"\"","631":"s","632":"o","633":"u","634":"r","635":"c","636":"e","637":"s","638":"C","639":"o","640":"n","641":"t","642":"e","643":"n","644":"t","645":"\"","646":":","647":"[","648":"\"","649":"<","650":"t","651":"e","652":"m","653":"p","654":"l","655":"a","656":"t","657":"e","658":">","659":"\\","660":"n","661":" ","662":" ","663":"<","664":"h","665":"e","666":"a","667":"d","668":"e","669":"r","670":" ","671":"c","672":"l","673":"a","674":"s","675":"s","676":"=","677":"\\","678":"\"","679":"w","680":"-","681":"f","682":"u","683":"l","684":"l","685":" ","686":"t","687":"e","688":"x","689":"t","690":"-","691":"s","692":"m","693":"\\","694":"\"","695":">","696":"\\","697":"n","698":" ","699":" ","700":" ","701":" ","702":"<","703":"d","704":"i","705":"v","706":" ","707":"c","708":"l","709":"a","710":"s","711":"s","712":"=","713":"\\","714":"\"","715":"f","716":"i","717":"x","718":"e","719":"d","720":" ","721":"t","722":"o","723":"p","724":"-","725":"0","726":" ","727":"l","728":"e","729":"f","730":"t","731":"-","732":"0","733":" ","734":"w","735":"-","736":"f","737":"u","738":"l","739":"l","740":" ","741":"h","742":"-","743":"1","744":"6","745":" ","746":"b","747":"g","748":"-","749":"w","750":"h","751":"i","752":"t","753":"e","754":"\\","755":"\"","756":">","757":"\\","758":"n","759":" ","760":" ","761":" ","762":" ","763":" ","764":" ","765":"<","766":"d","767":"i","768":"v","769":"\\","770":"n","771":" ","772":" ","773":" ","774":" ","775":" ","776":" ","777":" ","778":" ","779":"c","780":"l","781":"a","782":"s","783":"s","784":"=","785":"\\","786":"\"","787":"f","788":"l","789":"e","790":"x","791":" ","792":"f","793":"l","794":"e","795":"x","796":"-","797":"n","798":"o","799":"w","800":"r","801":"a","802":"p","803":" ","804":"h","805":"-","806":"f","807":"u","808":"l","809":"l","810":" ","811":"p","812":"x","813":"-","814":"8","815":" ","816":"p","817":"y","818":"-","819":"y","820":" ","821":"m","822":"x","823":"-","824":"a","825":"u","826":"t","827":"o","828":" ","829":"b","830":"o","831":"r","832":"d","833":"e","834":"r","835":"-","836":"b","837":" ","838":"b","839":"o","840":"r","841":"d","842":"e","843":"r","844":"-","845":"s","846":"o","847":"l","848":"i","849":"d","850":" ","851":"b","852":"o","853":"r","854":"d","855":"e","856":"r","857":"-","858":"b","859":"r","860":"a","861":"n","862":"d","863":"-","864":"g","865":"r","866":"a","867":"y","868":"-","869":"1","870":"\\","871":"\"","872":"\\","873":"n","874":" ","875":" ","876":" ","877":" ","878":" ","879":" ","880":">","881":"\\","882":"n","883":" ","884":" ","885":" ","886":" ","887":" ","888":" ","889":" ","890":" ","891":"<","892":"a","893":" ","894":":","895":"h","896":"r","897":"e","898":"f","899":"=","900":"\\","901":"\"","902":"u","903":"r","904":"l","905":"\\","906":"\"","907":" ","908":"c","909":"l","910":"a","911":"s","912":"s","913":"=","914":"\\","915":"\"","916":"f","917":"l","918":"e","919":"x","920":" ","921":"i","922":"t","923":"e","924":"m","925":"s","926":"-","927":"c","928":"e","929":"n","930":"t","931":"e","932":"r","933":" ","934":"h","935":"-","936":"f","937":"u","938":"l","939":"l","940":" ","941":"t","942":"e","943":"x","944":"t","945":"-","946":"x","947":"l","948":"\\","949":"\"","950":">","951":"{","952":"{","953":"\\","954":"n","955":" ","956":" ","957":" ","958":" ","959":" ","960":" ","961":" ","962":" ","963":" ","964":" ","965":"c","966":"o","967":"m","968":"p","969":"a","970":"n","971":"y","972":"\\","973":"n","974":" ","975":" ","976":" ","977":" ","978":" ","979":" ","980":" ","981":" ","982":"}","983":"}","984":"<","985":"/","986":"a","987":">","988":"\\","989":"n","990":" ","991":" ","992":" ","993":" ","994":" ","995":" ","996":" ","997":" ","998":"<","999":"n","1000":"a","1001":"v","1002":" ","1003":"c","1004":"l","1005":"a","1006":"s","1007":"s","1008":"=","1009":"\\","1010":"\"","1011":"h","1012":"-","1013":"f","1014":"u","1015":"l","1016":"l","1017":" ","1018":"m","1019":"l","1020":"-","1021":"1","1022":"2","1023":"\\","1024":"\"","1025":">","1026":"\\","1027":"n","1028":" ","1029":" ","1030":" ","1031":" ","1032":" ","1033":" ","1034":" ","1035":" ","1036":" ","1037":" ","1038":"<","1039":"u","1040":"l","1041":" ","1042":"c","1043":"l","1044":"a","1045":"s","1046":"s","1047":"=","1048":"\\","1049":"\"","1050":"f","1051":"l","1052":"e","1053":"x","1054":" ","1055":"h","1056":"-","1057":"f","1058":"u","1059":"l","1060":"l","1061":" ","1062":"p","1063":"-","1064":"0","1065":" ","1066":"m","1067":"-","1068":"0","1069":" ","1070":"l","1071":"i","1072":"s","1073":"t","1074":"-","1075":"n","1076":"o","1077":"n","1078":"e","1079":"\\","1080":"\"","1081":">","1082":"\\","1083":"n","1084":" ","1085":" ","1086":" ","1087":" ","1088":" ","1089":" ","1090":" ","1091":" ","1092":" ","1093":" ","1094":" ","1095":" ","1096":"<","1097":"l","1098":"i","1099":"\\","1100":"n","1101":" ","1102":" ","1103":" ","1104":" ","1105":" ","1106":" ","1107":" ","1108":" ","1109":" ","1110":" ","1111":" ","1112":" ","1113":" ","1114":" ","1115":"v","1116":"-","1117":"f","1118":"o","1119":"r","1120":"=","1121":"\\","1122":"\"","1123":"m","1124":"e","1125":"n","1126":"u","1127":"I","1128":"t","1129":"e","1130":"m","1131":" ","1132":"i","1133":"n","1134":" ","1135":"m","1136":"e","1137":"n","1138":"u","1139":"I","1140":"t","1141":"e","1142":"m","1143":"s","1144":"\\","1145":"\"","1146":"\\","1147":"n","1148":" ","1149":" ","1150":" ","1151":" ","1152":" ","1153":" ","1154":" ","1155":" ","1156":" ","1157":" ","1158":" ","1159":" ","1160":" ","1161":" ","1162":":","1163":"k","1164":"e","1165":"y","1166":"=","1167":"\\","1168":"\"","1169":"m","1170":"e","1171":"n","1172":"u","1173":"I","1174":"t","1175":"e","1176":"m","1177":"\\","1178":"\"","1179":"\\","1180":"n","1181":" ","1182":" ","1183":" ","1184":" ","1185":" ","1186":" ","1187":" ","1188":" ","1189":" ","1190":" ","1191":" ","1192":" ","1193":" ","1194":" ","1195":"c","1196":"l","1197":"a","1198":"s","1199":"s","1200":"=","1201":"\\","1202":"\"","1203":"h","1204":"-","1205":"f","1206":"u","1207":"l","1208":"l","1209":" ","1210":"m","1211":"l","1212":"-","1213":"9","1214":" ","1215":"f","1216":"i","1217":"r","1218":"s","1219":"t","1220":":","1221":"m","1222":"l","1223":"-","1224":"0","1225":"\\","1226":"\"","1227":"\\","1228":"n","1229":" ","1230":" ","1231":" ","1232":" ","1233":" ","1234":" ","1235":" ","1236":" ","1237":" ","1238":" ","1239":" ","1240":" ","1241":" ","1242":" ","1243":"d","1244":"a","1245":"t","1246":"a","1247":"-","1248":"t","1249":"e","1250":"s","1251":"t","1252":"=","1253":"\\","1254":"\"","1255":"m","1256":"a","1257":"i","1258":"n","1259":"-","1260":"n","1261":"a","1262":"v","1263":"-","1264":"l","1265":"i","1266":"s","1267":"t","1268":"-","1269":"i","1270":"t","1271":"e","1272":"m","1273":"\\","1274":"\"","1275":"\\","1276":"n","1277":" ","1278":" ","1279":" ","1280":" ","1281":" ","1282":" ","1283":" ","1284":" ","1285":" ","1286":" ","1287":" ","1288":" ","1289":">","1290":"\\","1291":"n","1292":" ","1293":" ","1294":" ","1295":" ","1296":" ","1297":" ","1298":" ","1299":" ","1300":" ","1301":" ","1302":" ","1303":" ","1304":" ","1305":" ","1306":"<","1307":"a","1308":" ","1309":"h","1310":"r","1311":"e","1312":"f","1313":"=","1314":"\\","1315":"\"","1316":"\\","1317":"\"","1318":" ","1319":"c","1320":"l","1321":"a","1322":"s","1323":"s","1324":"=","1325":"\\","1326":"\"","1327":"f","1328":"l","1329":"e","1330":"x","1331":" ","1332":"i","1333":"t","1334":"e","1335":"m","1336":"s","1337":"-","1338":"c","1339":"e","1340":"n","1341":"t","1342":"e","1343":"r","1344":" ","1345":"h","1346":"-","1347":"f","1348":"u","1349":"l","1350":"l","1351":" ","1352":"p","1353":"y","1354":"-","1355":"2","1356":".","1357":"5","1358":"\\","1359":"\"","1360":">","1361":"{","1362":"{","1363":"\\","1364":"n","1365":" ","1366":" ","1367":" ","1368":" ","1369":" ","1370":" ","1371":" ","1372":" ","1373":" ","1374":" ","1375":" ","1376":" ","1377":" ","1378":" ","1379":" ","1380":" ","1381":"m","1382":"e","1383":"n","1384":"u","1385":"I","1386":"t","1387":"e","1388":"m","1389":"\\","1390":"n","1391":" ","1392":" ","1393":" ","1394":" ","1395":" ","1396":" ","1397":" ","1398":" ","1399":" ","1400":" ","1401":" ","1402":" ","1403":" ","1404":" ","1405":"}","1406":"}","1407":"<","1408":"/","1409":"a","1410":">","1411":"\\","1412":"n","1413":" ","1414":" ","1415":" ","1416":" ","1417":" ","1418":" ","1419":" ","1420":" ","1421":" ","1422":" ","1423":" ","1424":" ","1425":"<","1426":"/","1427":"l","1428":"i","1429":">","1430":"\\","1431":"n","1432":" ","1433":" ","1434":" ","1435":" ","1436":" ","1437":" ","1438":" ","1439":" ","1440":" ","1441":" ","1442":"<","1443":"/","1444":"u","1445":"l","1446":">","1447":"\\","1448":"n","1449":" ","1450":" ","1451":" ","1452":" ","1453":" ","1454":" ","1455":" ","1456":" ","1457":"<","1458":"/","1459":"n","1460":"a","1461":"v","1462":">","1463":"\\","1464":"n","1465":" ","1466":" ","1467":" ","1468":" ","1469":" ","1470":" ","1471":" ","1472":" ","1473":"<","1474":"d","1475":"i","1476":"v","1477":" ","1478":"c","1479":"l","1480":"a","1481":"s","1482":"s","1483":"=","1484":"\\","1485":"\"","1486":"f","1487":"l","1488":"e","1489":"x","1490":" ","1491":"i","1492":"t","1493":"e","1494":"m","1495":"s","1496":"-","1497":"c","1498":"e","1499":"n","1500":"t","1501":"e","1502":"r","1503":" ","1504":"h","1505":"-","1506":"f","1507":"u","1508":"l","1509":"l","1510":" ","1511":"m","1512":"l","1513":"-","1514":"a","1515":"u","1516":"t","1517":"o","1518":"\\","1519":"\"","1520":">","1521":"\\","1522":"n","1523":" ","1524":" ","1525":" ","1526":" ","1527":" ","1528":" ","1529":" ","1530":" ","1531":" ","1532":" ","1533":"<","1534":"P","1535":"r","1536":"o","1537":"f","1538":"i","1539":"l","1540":"e","1541":"I","1542":"m","1543":"a","1544":"g","1545":"e","1546":" ","1547":"v","1548":"-","1549":"i","1550":"f","1551":"=","1552":"\\","1553":"\"","1554":"i","1555":"s","1556":"L","1557":"o","1558":"g","1559":"g","1560":"e","1561":"d","1562":"I","1563":"n","1564":"\\","1565":"\"","1566":" ","1567":"d","1568":"a","1569":"t","1570":"a","1571":"-","1572":"t","1573":"e","1574":"s","1575":"t","1576":"=","1577":"\\","1578":"\"","1579":"p","1580":"r","1581":"o","1582":"f","1583":"i","1584":"l","1585":"e","1586":"-","1587":"i","1588":"m","1589":"a","1590":"g","1591":"e","1592":"\\","1593":"\"","1594":" ","1595":"/","1596":">","1597":"\\","1598":"n","1599":" ","1600":" ","1601":" ","1602":" ","1603":" ","1604":" ","1605":" ","1606":" ","1607":" ","1608":" ","1609":"<","1610":"A","1611":"c","1612":"t","1613":"i","1614":"o","1615":"n","1616":"B","1617":"u","1618":"t","1619":"t","1620":"o","1621":"n","1622":" ","1623":"v","1624":"-","1625":"e","1626":"l","1627":"s","1628":"e","1629":" ","1630":"d","1631":"a","1632":"t","1633":"a","1634":"-","1635":"t","1636":"e","1637":"s","1638":"t","1639":"=","1640":"\\","1641":"\"","1642":"l","1643":"o","1644":"g","1645":"i","1646":"n","1647":"-","1648":"b","1649":"u","1650":"t","1651":"t","1652":"o","1653":"n","1654":"\\","1655":"\"","1656":" ","1657":"@","1658":"c","1659":"l","1660":"i","1661":"c","1662":"k","1663":"=","1664":"\\","1665":"\"","1666":"l","1667":"o","1668":"g","1669":"i","1670":"n","1671":"U","1672":"s","1673":"e","1674":"r","1675":"\\","1676":"\"","1677":" ","1678":"/","1679":">","1680":"\\","1681":"n","1682":" ","1683":" ","1684":" ","1685":" ","1686":" ","1687":" ","1688":" ","1689":" ","1690":"<","1691":"/","1692":"d","1693":"i","1694":"v","1695":">","1696":"\\","1697":"n","1698":" ","1699":" ","1700":" ","1701":" ","1702":" ","1703":" ","1704":"<","1705":"/","1706":"d","1707":"i","1708":"v","1709":">","1710":"\\","1711":"n","1712":" ","1713":" ","1714":" ","1715":" ","1716":"<","1717":"/","1718":"d","1719":"i","1720":"v","1721":">","1722":"\\","1723":"n","1724":" ","1725":" ","1726":"<","1727":"/","1728":"h","1729":"e","1730":"a","1731":"d","1732":"e","1733":"r","1734":">","1735":"\\","1736":"n","1737":"<","1738":"/","1739":"t","1740":"e","1741":"m","1742":"p","1743":"l","1744":"a","1745":"t","1746":"e","1747":">","1748":"\\","1749":"n","1750":"\\","1751":"n","1752":"<","1753":"s","1754":"c","1755":"r","1756":"i","1757":"p","1758":"t","1759":">","1760":"\\","1761":"n","1762":"i","1763":"m","1764":"p","1765":"o","1766":"r","1767":"t","1768":" ","1769":"A","1770":"c","1771":"t","1772":"i","1773":"o","1774":"n","1775":"B","1776":"u","1777":"t","1778":"t","1779":"o","1780":"n","1781":" ","1782":"f","1783":"r","1784":"o","1785":"m","1786":" ","1787":"\\","1788":"\"","1789":"@","1790":"/","1791":"c","1792":"o","1793":"m","1794":"p","1795":"o","1796":"n","1797":"e","1798":"n","1799":"t","1800":"s","1801":"/","1802":"A","1803":"c","1804":"t","1805":"i","1806":"o","1807":"n","1808":"B","1809":"u","1810":"t","1811":"t","1812":"o","1813":"n","1814":".","1815":"v","1816":"u","1817":"e","1818":"\\","1819":"\"","1820":";","1821":"\\","1822":"n","1823":"i","1824":"m","1825":"p","1826":"o","1827":"r","1828":"t","1829":" ","1830":"P","1831":"r","1832":"o","1833":"f","1834":"i","1835":"l","1836":"e","1837":"I","1838":"m","1839":"a","1840":"g","1841":"e","1842":" ","1843":"f","1844":"r","1845":"o","1846":"m","1847":" ","1848":"\\","1849":"\"","1850":"@","1851":"/","1852":"c","1853":"o","1854":"m","1855":"p","1856":"o","1857":"n","1858":"e","1859":"n","1860":"t","1861":"s","1862":"/","1863":"P","1864":"r","1865":"o","1866":"f","1867":"i","1868":"l","1869":"e","1870":"I","1871":"m","1872":"a","1873":"g","1874":"e","1875":".","1876":"v","1877":"u","1878":"e","1879":"\\","1880":"\"","1881":";","1882":"\\","1883":"n","1884":"\\","1885":"n","1886":"e","1887":"x","1888":"p","1889":"o","1890":"r","1891":"t","1892":" ","1893":"d","1894":"e","1895":"f","1896":"a","1897":"u","1898":"l","1899":"t","1900":" ","1901":"{","1902":"\\","1903":"n","1904":" ","1905":" ","1906":"n","1907":"a","1908":"m","1909":"e","1910":":","1911":" ","1912":"\\","1913":"\"","1914":"M","1915":"a","1916":"i","1917":"n","1918":"N","1919":"a","1920":"v","1921":"\\","1922":"\"","1923":",","1924":"\\","1925":"n","1926":" ","1927":" ","1928":"c","1929":"o","1930":"m","1931":"p","1932":"o","1933":"n","1934":"e","1935":"n","1936":"t","1937":"s","1938":":","1939":" ","1940":"{","1941":"\\","1942":"n","1943":" ","1944":" ","1945":" ","1946":" ","1947":"A","1948":"c","1949":"t","1950":"i","1951":"o","1952":"n","1953":"B","1954":"u","1955":"t","1956":"t","1957":"o","1958":"n","1959":",","1960":"\\","1961":"n","1962":" ","1963":" ","1964":" ","1965":" ","1966":"P","1967":"r","1968":"o","1969":"f","1970":"i","1971":"l","1972":"e","1973":"I","1974":"m","1975":"a","1976":"g","1977":"e","1978":",","1979":"\\","1980":"n","1981":" ","1982":" ","1983":"}","1984":",","1985":"\\","1986":"n","1987":" ","1988":" ","1989":"d","1990":"a","1991":"t","1992":"a","1993":"(","1994":")","1995":" ","1996":"{","1997":"\\","1998":"n","1999":" ","2000":" ","2001":" ","2002":" ","2003":"r","2004":"e","2005":"t","2006":"u","2007":"r","2008":"n","2009":" ","2010":"{","2011":"\\","2012":"n","2013":" ","2014":" ","2015":" ","2016":" ","2017":" ","2018":" ","2019":"c","2020":"o","2021":"m","2022":"p","2023":"a","2024":"n","2025":"y","2026":":","2027":" ","2028":"\\","2029":"\"","2030":"D","2031":"a","2032":"y","2033":"D","2034":"r","2035":"e","2036":"a","2037":"m","2038":" ","2039":"C","2040":"a","2041":"r","2042":"e","2043":"e","2044":"r","2045":"s","2046":"\\","2047":"\"","2048":",","2049":"\\","2050":"n","2051":" ","2052":" ","2053":" ","2054":" ","2055":" ","2056":" ","2057":"u","2058":"r","2059":"l","2060":":","2061":" ","2062":"\\","2063":"\"","2064":"h","2065":"t","2066":"t","2067":"p","2068":"s","2069":":","2070":"/","2071":"/","2072":"c","2073":"a","2074":"r","2075":"e","2076":"e","2077":"r","2078":"s","2079":".","2080":"g","2081":"o","2082":"o","2083":"g","2084":"l","2085":"e","2086":".","2087":"c","2088":"o","2089":"m","2090":"\\","2091":"\"","2092":",","2093":"\\","2094":"n","2095":" ","2096":" ","2097":" ","2098":" ","2099":" ","2100":" ","2101":"m","2102":"e","2103":"n","2104":"u","2105":"I","2106":"t","2107":"e","2108":"m","2109":"s","2110":":","2111":" ","2112":"[","2113":"\\","2114":"n","2115":" ","2116":" ","2117":" ","2118":" ","2119":" ","2120":" ","2121":" ","2122":" ","2123":"\\","2124":"\"","2125":"T","2126":"e","2127":"a","2128":"m","2129":"s","2130":"\\","2131":"\"","2132":",","2133":"\\","2134":"n","2135":" ","2136":" ","2137":" ","2138":" ","2139":" ","2140":" ","2141":" ","2142":" ","2143":"\\","2144":"\"","2145":"L","2146":"o","2147":"c","2148":"a","2149":"t","2150":"i","2151":"o","2152":"n","2153":"s","2154":"\\","2155":"\"","2156":",","2157":"\\","2158":"n","2159":" ","2160":" ","2161":" ","2162":" ","2163":" ","2164":" ","2165":" ","2166":" ","2167":"\\","2168":"\"","2169":"L","2170":"i","2171":"f","2172":"e","2173":" ","2174":"a","2175":"t","2176":" ","2177":"D","2178":"a","2179":"y","2180":"D","2181":"r","2182":"e","2183":"a","2184":"m","2185":"\\","2186":"\"","2187":",","2188":"\\","2189":"n","2190":" ","2191":" ","2192":" ","2193":" ","2194":" ","2195":" ","2196":" ","2197":" ","2198":"\\","2199":"\"","2200":"H","2201":"o","2202":"w","2203":" ","2204":"w","2205":"e","2206":" ","2207":"h","2208":"i","2209":"r","2210":"e","2211":"\\","2212":"\"","2213":",","2214":"\\","2215":"n","2216":" ","2217":" ","2218":" ","2219":" ","2220":" ","2221":" ","2222":" ","2223":" ","2224":"\\","2225":"\"","2226":"S","2227":"t","2228":"u","2229":"d","2230":"e","2231":"n","2232":"t","2233":"s","2234":"\\","2235":"\"","2236":",","2237":"\\","2238":"n","2239":" ","2240":" ","2241":" ","2242":" ","2243":" ","2244":" ","2245":" ","2246":" ","2247":"\\","2248":"\"","2249":"J","2250":"o","2251":"b","2252":"s","2253":"\\","2254":"\"","2255":",","2256":"\\","2257":"n","2258":" ","2259":" ","2260":" ","2261":" ","2262":" ","2263":" ","2264":"]","2265":",","2266":"\\","2267":"n","2268":" ","2269":" ","2270":" ","2271":" ","2272":" ","2273":" ","2274":"i","2275":"s","2276":"L","2277":"o","2278":"g","2279":"g","2280":"e","2281":"d","2282":"I","2283":"n","2284":":","2285":" ","2286":"f","2287":"a","2288":"l","2289":"s","2290":"e","2291":",","2292":"\\","2293":"n","2294":" ","2295":" ","2296":" ","2297":" ","2298":"}","2299":";","2300":"\\","2301":"n","2302":" ","2303":" ","2304":"}","2305":",","2306":"\\","2307":"n","2308":" ","2309":" ","2310":"m","2311":"e","2312":"t","2313":"h","2314":"o","2315":"d","2316":"s","2317":":","2318":" ","2319":"{","2320":"\\","2321":"n","2322":" ","2323":" ","2324":" ","2325":" ","2326":"l","2327":"o","2328":"g","2329":"i","2330":"n","2331":"U","2332":"s","2333":"e","2334":"r","2335":"(","2336":")","2337":" ","2338":"{","2339":"\\","2340":"n","2341":" ","2342":" ","2343":" ","2344":" ","2345":" ","2346":" ","2347":"t","2348":"h","2349":"i","2350":"s","2351":".","2352":"i","2353":"s","2354":"L","2355":"o","2356":"g","2357":"g","2358":"e","2359":"d","2360":"I","2361":"n","2362":" ","2363":"=","2364":" ","2365":"t","2366":"r","2367":"u","2368":"e","2369":";","2370":"\\","2371":"n","2372":" ","2373":" ","2374":" ","2375":" ","2376":"}","2377":",","2378":"\\","2379":"n","2380":" ","2381":" ","2382":"}","2383":",","2384":"\\","2385":"n","2386":"}","2387":";","2388":"\\","2389":"n","2390":"<","2391":"/","2392":"s","2393":"c","2394":"r","2395":"i","2396":"p","2397":"t","2398":">","2399":"\\","2400":"n","2401":"\"","2402":"]","2403":"}"},"_coverageSchema":"1a1c01bbd47fc00a2c39e90264f33305004495a9","hash":"8a02f1f8a7f47a68a7e87335e602f86d18318706"}
,"/home/james/Dropbox/vuemasterclass/src/components/ProfileImage.vue": {"path":"/home/james/Dropbox/vuemasterclass/src/components/ProfileImage.vue","statementMap":{"0":{"start":{"line":4,"column":0},"end":{"line":6,"column":3}},"1":{"start":{"line":7,"column":0},"end":{"line":7,"column":25}},"2":{"start":{"line":8,"column":15},"end":{"line":15,"column":1}},"3":{"start":{"line":11,"column":4},"end":{"line":13,"column":6}},"4":{"start":{"line":18,"column":0},"end":{"line":18,"column":13}},"5":{"start":{"line":20,"column":0},"end":{"line":22,"column":3}},"6":{"start":{"line":23,"column":0},"end":{"line":23,"column":24}},"7":{"start":{"line":24,"column":11},"end":{"line":24,"column":25}},"8":{"start":{"line":25,"column":19},"end":{"line":25,"column":26}},"9":{"start":{"line":27,"column":2},"end":{"line":30,"column":38}},"10":{"start":{"line":31,"column":2},"end":{"line":31,"column":49}}},"fnMap":{"0":{"name":"(anonymous_0)","decl":{"start":{"line":10,"column":2},"end":{"line":10,"column":3}},"loc":{"start":{"line":10,"column":9},"end":{"line":14,"column":3}},"line":10},"1":{"name":"render","decl":{"start":{"line":26,"column":9},"end":{"line":26,"column":15}},"loc":{"start":{"line":26,"column":30},"end":{"line":31,"column":1}},"line":26}},"branchMap":{},"s":{"0":1,"1":1,"2":1,"3":1,"4":1,"5":1,"6":1,"7":1,"8":1,"9":1,"10":1},"f":{"0":1,"1":1},"b":{},"inputSourceMap":{"0":"{","1":"\"","2":"v","3":"e","4":"r","5":"s","6":"i","7":"o","8":"n","9":"\"","10":":","11":"3","12":",","13":"\"","14":"s","15":"o","16":"u","17":"r","18":"c","19":"e","20":"s","21":"\"","22":":","23":"[","24":"\"","25":"/","26":"h","27":"o","28":"m","29":"e","30":"/","31":"j","32":"a","33":"m","34":"e","35":"s","36":"/","37":"D","38":"r","39":"o","40":"p","41":"b","42":"o","43":"x","44":"/","45":"v","46":"u","47":"e","48":"m","49":"a","50":"s","51":"t","52":"e","53":"r","54":"c","55":"l","56":"a","57":"s","58":"s","59":"/","60":"s","61":"r","62":"c","63":"/","64":"c","65":"o","66":"m","67":"p","68":"o","69":"n","70":"e","71":"n","72":"t","73":"s","74":"/","75":"P","76":"r","77":"o","78":"f","79":"i","80":"l","81":"e","82":"I","83":"m","84":"a","85":"g","86":"e","87":".","88":"v","89":"u","90":"e","91":"\"","92":"]","93":",","94":"\"","95":"n","96":"a","97":"m","98":"e","99":"s","100":"\"","101":":","102":"[","103":"]","104":",","105":"\"","106":"m","107":"a","108":"p","109":"p","110":"i","111":"n","112":"g","113":"s","114":"\"","115":":","116":"\"","117":";","118":";","119":";","120":";","121":";","122":";","123":";","124":"e","125":"A","126":"K","127":"e","128":";","129":"E","130":"A","131":"C","132":"b","133":",","134":"I","135":"A","136":"A","137":"I","138":",","139":"E","140":"A","141":"A","142":"E","143":",","144":"c","145":"A","146":"A","147":"c","148":";","149":"E","150":"A","151":"C","152":"p","153":"B","154":",","155":"I","156":"A","157":"A","158":"I","159":",","160":"G","161":"A","162":"A","163":"G","164":";","165":"I","166":"A","167":"C","168":"L","169":",","170":"O","171":"A","172":"A","173":"O","174":";","175":"M","176":"A","177":"C","178":"L","179":",","180":"S","181":"A","182":"A","183":"S","184":",","185":"E","186":"A","187":"C","188":"P","189":";","190":"I","191":"A","192":"C","193":"J","194":",","195":"C","196":"A","197":"A","198":"C","199":";","200":"E","201":"A","202":"C","203":"H","204":";","205":"A","206":"A","207":"C","208":"F","209":",","210":"C","211":"A","212":"A","213":"C","214":";","215":"A","216":"A","217":"A","218":"A","219":";","220":"A","221":"A","222":"A","223":"A","224":"\"","225":",","226":"\"","227":"f","228":"i","229":"l","230":"e","231":"\"","232":":","233":"\"","234":"/","235":"h","236":"o","237":"m","238":"e","239":"/","240":"j","241":"a","242":"m","243":"e","244":"s","245":"/","246":"D","247":"r","248":"o","249":"p","250":"b","251":"o","252":"x","253":"/","254":"v","255":"u","256":"e","257":"m","258":"a","259":"s","260":"t","261":"e","262":"r","263":"c","264":"l","265":"a","266":"s","267":"s","268":"/","269":"s","270":"r","271":"c","272":"/","273":"c","274":"o","275":"m","276":"p","277":"o","278":"n","279":"e","280":"n","281":"t","282":"s","283":"/","284":"P","285":"r","286":"o","287":"f","288":"i","289":"l","290":"e","291":"I","292":"m","293":"a","294":"g","295":"e","296":".","297":"v","298":"u","299":"e","300":"\"","301":",","302":"\"","303":"s","304":"o","305":"u","306":"r","307":"c","308":"e","309":"s","310":"C","311":"o","312":"n","313":"t","314":"e","315":"n","316":"t","317":"\"","318":":","319":"[","320":"\"","321":"<","322":"t","323":"e","324":"m","325":"p","326":"l","327":"a","328":"t","329":"e","330":">","331":"\\","332":"n","333":" ","334":" ","335":"<","336":"i","337":"m","338":"g","339":" ","340":":","341":"s","342":"r","343":"c","344":"=","345":"\\","346":"\"","347":"i","348":"m","349":"a","350":"g","351":"e","352":"L","353":"i","354":"n","355":"k","356":"\\","357":"\"","358":" ","359":"c","360":"l","361":"a","362":"s","363":"s","364":"=","365":"\\","366":"\"","367":"w","368":"-","369":"8","370":" ","371":"h","372":"-","373":"8","374":" ","375":"o","376":"b","377":"j","378":"e","379":"c","380":"t","381":"-","382":"c","383":"o","384":"n","385":"t","386":"a","387":"i","388":"n","389":" ","390":"r","391":"o","392":"u","393":"n","394":"d","395":"e","396":"d","397":"-","398":"r","399":"-","400":"3","401":"x","402":"l","403":"\\","404":"\"","405":" ","406":"/","407":">","408":"\\","409":"n","410":"<","411":"/","412":"t","413":"e","414":"m","415":"p","416":"l","417":"a","418":"t","419":"e","420":">","421":"\\","422":"n","423":"\\","424":"n","425":"<","426":"s","427":"c","428":"r","429":"i","430":"p","431":"t","432":">","433":"\\","434":"n","435":"e","436":"x","437":"p","438":"o","439":"r","440":"t","441":" ","442":"d","443":"e","444":"f","445":"a","446":"u","447":"l","448":"t","449":" ","450":"{","451":"\\","452":"n","453":" ","454":" ","455":"n","456":"a","457":"m","458":"e","459":":","460":" ","461":"\\","462":"\"","463":"P","464":"r","465":"o","466":"f","467":"i","468":"l","469":"e","470":"I","471":"m","472":"a","473":"g","474":"e","475":"\\","476":"\"","477":",","478":"\\","479":"n","480":" ","481":" ","482":"d","483":"a","484":"t","485":"a","486":"(","487":")","488":" ","489":"{","490":"\\","491":"n","492":" ","493":" ","494":" ","495":" ","496":"r","497":"e","498":"t","499":"u","500":"r","501":"n","502":" ","503":"{","504":"\\","505":"n","506":" ","507":" ","508":" ","509":" ","510":" ","511":" ","512":"i","513":"m","514":"a","515":"g","516":"e","517":"L","518":"i","519":"n","520":"k","521":":","522":"\\","523":"n","524":" ","525":" ","526":" ","527":" ","528":" ","529":" ","530":" ","531":" ","532":"\\","533":"\"","534":"h","535":"t","536":"t","537":"p","538":"s","539":":","540":"/","541":"/","542":"w","543":"w","544":"w","545":".","546":"p","547":"n","548":"g","549":"i","550":"t","551":"e","552":"m","553":".","554":"c","555":"o","556":"m","557":"/","558":"p","559":"i","560":"m","561":"g","562":"s","563":"/","564":"m","565":"/","566":"4","567":"8","568":"7","569":"-","570":"4","571":"8","572":"7","573":"6","574":"4","575":"1","576":"7","577":"_","578":"l","579":"i","580":"n","581":"k","582":"-","583":"h","584":"e","585":"a","586":"d","587":"-","588":"p","589":"n","590":"g","591":"-","592":"t","593":"o","594":"o","595":"n","596":"-","597":"l","598":"i","599":"n","600":"k","601":"-","602":"f","603":"a","604":"c","605":"e","606":"-","607":"p","608":"n","609":"g","610":"-","611":"t","612":"r","613":"a","614":"n","615":"s","616":"p","617":"a","618":"r","619":"e","620":"n","621":"t","622":".","623":"p","624":"n","625":"g","626":"\\","627":"\"","628":",","629":"\\","630":"n","631":" ","632":" ","633":" ","634":" ","635":"}","636":";","637":"\\","638":"n","639":" ","640":" ","641":"}","642":",","643":"\\","644":"n","645":"}","646":";","647":"\\","648":"n","649":"<","650":"/","651":"s","652":"c","653":"r","654":"i","655":"p","656":"t","657":">","658":"\\","659":"n","660":"\"","661":"]","662":"}"},"_coverageSchema":"1a1c01bbd47fc00a2c39e90264f33305004495a9","hash":"229533a04c6d71fdac76d2c9083b70ee4524fc61"}
}
