{"/home/james/Dropbox/vuemasterclass/src/components/JobResults/JobListing.vue": {"path":"/home/james/Dropbox/vuemasterclass/src/components/JobResults/JobListing.vue","statementMap":{"0":{"start":{"line":4,"column":0},"end":{"line":6,"column":3}},"1":{"start":{"line":7,"column":0},"end":{"line":7,"column":25}},"2":{"start":{"line":8,"column":15},"end":{"line":21,"column":1}},"3":{"start":{"line":18,"column":6},"end":{"line":18,"column":44}},"4":{"start":{"line":24,"column":0},"end":{"line":24,"column":13}},"5":{"start":{"line":26,"column":0},"end":{"line":28,"column":3}},"6":{"start":{"line":29,"column":0},"end":{"line":29,"column":24}},"7":{"start":{"line":30,"column":11},"end":{"line":30,"column":25}},"8":{"start":{"line":31,"column":19},"end":{"line":33,"column":1}},"9":{"start":{"line":34,"column":19},"end":{"line":36,"column":1}},"10":{"start":{"line":37,"column":19},"end":{"line":39,"column":1}},"11":{"start":{"line":40,"column":19},"end":{"line":42,"column":1}},"12":{"start":{"line":43,"column":19},"end":{"line":45,"column":1}},"13":{"start":{"line":46,"column":19},"end":{"line":48,"column":1}},"14":{"start":{"line":49,"column":32},"end":{"line":51,"column":47}},"15":{"start":{"line":52,"column":19},"end":{"line":54,"column":1}},"16":{"start":{"line":55,"column":19},"end":{"line":57,"column":1}},"17":{"start":{"line":59,"column":33},"end":{"line":59,"column":74}},"18":{"start":{"line":60,"column":2},"end":{"line":81,"column":30}},"19":{"start":{"line":64,"column":37},"end":{"line":79,"column":34}},"20":{"start":{"line":65,"column":6},"end":{"line":68,"column":60}},"21":{"start":{"line":70,"column":6},"end":{"line":72,"column":65}},"22":{"start":{"line":77,"column":39},"end":{"line":77,"column":76}},"23":{"start":{"line":82,"column":2},"end":{"line":82,"column":49}}},"fnMap":{"0":{"name":"(anonymous_0)","decl":{"start":{"line":17,"column":4},"end":{"line":17,"column":5}},"loc":{"start":{"line":17,"column":18},"end":{"line":19,"column":5}},"line":17},"1":{"name":"render","decl":{"start":{"line":58,"column":9},"end":{"line":58,"column":15}},"loc":{"start":{"line":58,"column":30},"end":{"line":82,"column":1}},"line":58},"2":{"name":"(anonymous_2)","decl":{"start":{"line":64,"column":31},"end":{"line":64,"column":32}},"loc":{"start":{"line":64,"column":37},"end":{"line":79,"column":34}},"line":64},"3":{"name":"(anonymous_3)","decl":{"start":{"line":64,"column":562},"end":{"line":64,"column":563}},"loc":{"start":{"line":64,"column":574},"end":{"line":69,"column":5}},"line":64},"4":{"name":"(anonymous_4)","decl":{"start":{"line":69,"column":368},"end":{"line":69,"column":369}},"loc":{"start":{"line":69,"column":385},"end":{"line":73,"column":5}},"line":69},"5":{"name":"(anonymous_5)","decl":{"start":{"line":77,"column":33},"end":{"line":77,"column":34}},"loc":{"start":{"line":77,"column":39},"end":{"line":77,"column":76}},"line":77}},"branchMap":{},"s":{"0":1,"1":1,"2":1,"3":5,"4":1,"5":1,"6":1,"7":1,"8":1,"9":1,"10":1,"11":1,"12":1,"13":1,"14":1,"15":1,"16":1,"17":5,"18":5,"19":5,"20":6,"21":6,"22":5,"23":1},"f":{"0":5,"1":5,"2":5,"3":6,"4":6,"5":5},"b":{},"inputSourceMap":{"0":"{","1":"\"","2":"v","3":"e","4":"r","5":"s","6":"i","7":"o","8":"n","9":"\"","10":":","11":"3","12":",","13":"\"","14":"s","15":"o","16":"u","17":"r","18":"c","19":"e","20":"s","21":"\"","22":":","23":"[","24":"\"","25":"/","26":"h","27":"o","28":"m","29":"e","30":"/","31":"j","32":"a","33":"m","34":"e","35":"s","36":"/","37":"D","38":"r","39":"o","40":"p","41":"b","42":"o","43":"x","44":"/","45":"v","46":"u","47":"e","48":"m","49":"a","50":"s","51":"t","52":"e","53":"r","54":"c","55":"l","56":"a","57":"s","58":"s","59":"/","60":"s","61":"r","62":"c","63":"/","64":"c","65":"o","66":"m","67":"p","68":"o","69":"n","70":"e","71":"n","72":"t","73":"s","74":"/","75":"J","76":"o","77":"b","78":"R","79":"e","80":"s","81":"u","82":"l","83":"t","84":"s","85":"/","86":"J","87":"o","88":"b","89":"L","90":"i","91":"s","92":"t","93":"i","94":"n","95":"g","96":".","97":"v","98":"u","99":"e","100":"\"","101":"]","102":",","103":"\"","104":"n","105":"a","106":"m","107":"e","108":"s","109":"\"","110":":","111":"[","112":"]","113":",","114":"\"","115":"m","116":"a","117":"p","118":"p","119":"i","120":"n","121":"g","122":"s","123":"\"","124":":","125":"\"","126":";","127":";","128":";","129":";","130":";","131":";","132":";","133":"e","134":"A","135":"k","136":"D","137":"e","138":";","139":"E","140":"A","141":"C","142":"b","143":",","144":"I","145":"A","146":"A","147":"I","148":",","149":"E","150":"A","151":"A","152":"E","153":",","154":"Y","155":"A","156":"A","157":"Y","158":";","159":"E","160":"A","161":"C","162":"l","163":"B","164":",","165":"K","166":"A","167":"A","168":"K","169":",","170":"E","171":"A","172":"A","173":"E","174":";","175":"I","176":"A","177":"C","178":"L","179":",","180":"G","181":"A","182":"A","183":"G","184":",","185":"E","186":"A","187":"A","188":"E","189":";","190":"M","191":"A","192":"C","193":"H","194":",","195":"I","196":"A","197":"A","198":"I","199":",","200":"E","201":"A","202":"A","203":"E","204":",","205":"M","206":"A","207":"A","208":"M","209":";","210":"M","211":"A","212":"C","213":"Z","214":",","215":"Q","216":"A","217":"A","218":"Q","219":",","220":"E","221":"A","222":"A","223":"E","224":";","225":"I","226":"A","227":"C","228":"Z","229":";","230":"E","231":"A","232":"C","233":"F","234":",","235":"C","236":"A","237":"A","238":"C","239":";","240":"E","241":"A","242":"C","243":"D","244":",","245":"Q","246":"A","247":"A","248":"Q","249":",","250":"E","251":"A","252":"A","253":"E","254":";","255":"I","256":"A","257":"C","258":"R","259":",","260":"W","261":"A","262":"A","263":"W","264":",","265":"G","266":"A","267":"A","268":"G","269":";","270":"M","271":"A","272":"C","273":"Z","274":",","275":"O","276":"A","277":"A","278":"Q","279":",","280":"i","281":"B","282":"A","283":"A","284":"g","285":"B","286":",","287":"I","288":"A","289":"A","290":"I","291":",","292":"C","293":"A","294":"A","295":"C","296":",","297":"G","298":"A","299":"A","300":"G","301":",","302":"C","303":"A","304":"A","305":"C","306":",","307":"E","308":"A","309":"A","310":"G","311":",","312":"E","313":"A","314":"A","315":"C","316":";","317":"I","318":"A","319":"C","320":"v","321":"C","322":";","323":"E","324":"A","325":"C","326":"F","327":";","328":"A","329":"A","330":"C","331":"F","332":",","333":"C","334":"A","335":"A","336":"C","337":";","338":"A","339":"A","340":"A","341":"A","342":";","343":"A","344":"A","345":"A","346":"A","347":"\"","348":",","349":"\"","350":"f","351":"i","352":"l","353":"e","354":"\"","355":":","356":"\"","357":"/","358":"h","359":"o","360":"m","361":"e","362":"/","363":"j","364":"a","365":"m","366":"e","367":"s","368":"/","369":"D","370":"r","371":"o","372":"p","373":"b","374":"o","375":"x","376":"/","377":"v","378":"u","379":"e","380":"m","381":"a","382":"s","383":"t","384":"e","385":"r","386":"c","387":"l","388":"a","389":"s","390":"s","391":"/","392":"s","393":"r","394":"c","395":"/","396":"c","397":"o","398":"m","399":"p","400":"o","401":"n","402":"e","403":"n","404":"t","405":"s","406":"/","407":"J","408":"o","409":"b","410":"R","411":"e","412":"s","413":"u","414":"l","415":"t","416":"s","417":"/","418":"J","419":"o","420":"b","421":"L","422":"i","423":"s","424":"t","425":"i","426":"n","427":"g","428":".","429":"v","430":"u","431":"e","432":"\"","433":",","434":"\"","435":"s","436":"o","437":"u","438":"r","439":"c","440":"e","441":"s","442":"C","443":"o","444":"n","445":"t","446":"e","447":"n","448":"t","449":"\"","450":":","451":"[","452":"\"","453":"<","454":"t","455":"e","456":"m","457":"p","458":"l","459":"a","460":"t","461":"e","462":">","463":"\\","464":"n","465":" ","466":" ","467":"<","468":"l","469":"i","470":" ","471":"c","472":"l","473":"a","474":"s","475":"s","476":"=","477":"\\","478":"\"","479":"m","480":"b","481":"-","482":"7","483":"\\","484":"\"","485":">","486":"\\","487":"n","488":" ","489":" ","490":" ","491":" ","492":"<","493":"r","494":"o","495":"u","496":"t","497":"e","498":"r","499":"-","500":"l","501":"i","502":"n","503":"k","504":"\\","505":"n","506":" ","507":" ","508":" ","509":" ","510":" ","511":" ","512":":","513":"t","514":"o","515":"=","516":"\\","517":"\"","518":"j","519":"o","520":"b","521":"P","522":"a","523":"g","524":"e","525":"L","526":"i","527":"n","528":"k","529":"\\","530":"\"","531":"\\","532":"n","533":" ","534":" ","535":" ","536":" ","537":" ","538":" ","539":"c","540":"l","541":"a","542":"s","543":"s","544":"=","545":"\\","546":"\"","547":"b","548":"l","549":"o","550":"c","551":"k","552":" ","553":"m","554":"x","555":"-","556":"a","557":"u","558":"t","559":"o","560":" ","561":"b","562":"g","563":"-","564":"w","565":"h","566":"i","567":"t","568":"e","569":" ","570":"b","571":"o","572":"r","573":"d","574":"e","575":"r","576":" ","577":"b","578":"o","579":"r","580":"d","581":"e","582":"r","583":"-","584":"s","585":"o","586":"l","587":"i","588":"d","589":" ","590":"b","591":"o","592":"r","593":"d","594":"e","595":"r","596":"-","597":"b","598":"r","599":"a","600":"n","601":"d","602":"-","603":"g","604":"r","605":"a","606":"y","607":"-","608":"2","609":" ","610":"r","611":"o","612":"u","613":"n","614":"d","615":"e","616":"d","617":" ","618":"h","619":"o","620":"v","621":"e","622":"r","623":":","624":"s","625":"h","626":"a","627":"d","628":"o","629":"w","630":"-","631":"g","632":"r","633":"a","634":"y","635":"\\","636":"\"","637":"\\","638":"n","639":" ","640":" ","641":" ","642":" ","643":">","644":"\\","645":"n","646":" ","647":" ","648":" ","649":" ","650":" ","651":" ","652":"<","653":"d","654":"i","655":"v","656":" ","657":"c","658":"l","659":"a","660":"s","661":"s","662":"=","663":"\\","664":"\"","665":"p","666":"t","667":"-","668":"5","669":" ","670":"p","671":"b","672":"-","673":"2","674":" ","675":"m","676":"x","677":"-","678":"8","679":" ","680":"b","681":"o","682":"r","683":"d","684":"e","685":"r","686":"-","687":"b","688":" ","689":"b","690":"o","691":"r","692":"d","693":"e","694":"r","695":"-","696":"s","697":"o","698":"l","699":"i","700":"d","701":" ","702":"b","703":"o","704":"r","705":"d","706":"e","707":"r","708":"-","709":"b","710":"r","711":"a","712":"n","713":"d","714":"-","715":"g","716":"r","717":"a","718":"y","719":"-","720":"2","721":"\\","722":"\"","723":">","724":"\\","725":"n","726":" ","727":" ","728":" ","729":" ","730":" ","731":" ","732":" ","733":" ","734":"<","735":"h","736":"2","737":" ","738":"c","739":"l","740":"a","741":"s","742":"s","743":"=","744":"\\","745":"\"","746":"m","747":"b","748":"-","749":"2","750":" ","751":"t","752":"e","753":"x","754":"t","755":"-","756":"2","757":"x","758":"l","759":"\\","760":"\"","761":">","762":"\\","763":"n","764":" ","765":" ","766":" ","767":" ","768":" ","769":" ","770":" ","771":" ","772":" ","773":" ","774":"{","775":"{","776":" ","777":"j","778":"o","779":"b","780":".","781":"t","782":"i","783":"t","784":"l","785":"e","786":" ","787":"}","788":"}","789":"\\","790":"n","791":" ","792":" ","793":" ","794":" ","795":" ","796":" ","797":" ","798":" ","799":"<","800":"/","801":"h","802":"2","803":">","804":"\\","805":"n","806":" ","807":" ","808":" ","809":" ","810":" ","811":" ","812":" ","813":" ","814":"<","815":"d","816":"i","817":"v","818":" ","819":"c","820":"l","821":"a","822":"s","823":"s","824":"=","825":"\\","826":"\"","827":"f","828":"l","829":"e","830":"x","831":" ","832":"f","833":"l","834":"e","835":"x","836":"-","837":"r","838":"o","839":"w","840":" ","841":"a","842":"l","843":"i","844":"g","845":"n","846":"-","847":"m","848":"i","849":"d","850":"d","851":"l","852":"e","853":"\\","854":"\"","855":">","856":"\\","857":"n","858":" ","859":" ","860":" ","861":" ","862":" ","863":" ","864":" ","865":" ","866":" ","867":" ","868":"<","869":"d","870":"i","871":"v","872":" ","873":"c","874":"l","875":"a","876":"s","877":"s","878":"=","879":"\\","880":"\"","881":"m","882":"r","883":"-","884":"5","885":"\\","886":"\"","887":">","888":"\\","889":"n","890":" ","891":" ","892":" ","893":" ","894":" ","895":" ","896":" ","897":" ","898":" ","899":" ","900":" ","901":" ","902":"<","903":"s","904":"p","905":"a","906":"n","907":">","908":"{","909":"{","910":" ","911":"j","912":"o","913":"b","914":".","915":"o","916":"r","917":"g","918":"a","919":"n","920":"i","921":"z","922":"a","923":"t","924":"i","925":"o","926":"n","927":" ","928":"}","929":"}","930":"<","931":"/","932":"s","933":"p","934":"a","935":"n","936":">","937":"\\","938":"n","939":" ","940":" ","941":" ","942":" ","943":" ","944":" ","945":" ","946":" ","947":" ","948":" ","949":"<","950":"/","951":"d","952":"i","953":"v","954":">","955":"\\","956":"n","957":" ","958":" ","959":" ","960":" ","961":" ","962":" ","963":" ","964":" ","965":" ","966":" ","967":"<","968":"d","969":"i","970":"v","971":">","972":"\\","973":"n","974":" ","975":" ","976":" ","977":" ","978":" ","979":" ","980":" ","981":" ","982":" ","983":" ","984":" ","985":" ","986":"<","987":"l","988":"i","989":"\\","990":"n","991":" ","992":" ","993":" ","994":" ","995":" ","996":" ","997":" ","998":" ","999":" ","1000":" ","1001":" ","1002":" ","1003":" ","1004":" ","1005":"v","1006":"-","1007":"f","1008":"o","1009":"r","1010":"=","1011":"\\","1012":"\"","1013":"l","1014":"o","1015":"c","1016":"a","1017":"t","1018":"i","1019":"o","1020":"n","1021":" ","1022":"i","1023":"n","1024":" ","1025":"j","1026":"o","1027":"b","1028":".","1029":"l","1030":"o","1031":"c","1032":"a","1033":"t","1034":"i","1035":"o","1036":"n","1037":"s","1038":"\\","1039":"\"","1040":"\\","1041":"n","1042":" ","1043":" ","1044":" ","1045":" ","1046":" ","1047":" ","1048":" ","1049":" ","1050":" ","1051":" ","1052":" ","1053":" ","1054":" ","1055":" ","1056":":","1057":"k","1058":"e","1059":"y","1060":"=","1061":"\\","1062":"\"","1063":"l","1064":"o","1065":"c","1066":"a","1067":"t","1068":"i","1069":"o","1070":"n","1071":"\\","1072":"\"","1073":"\\","1074":"n","1075":" ","1076":" ","1077":" ","1078":" ","1079":" ","1080":" ","1081":" ","1082":" ","1083":" ","1084":" ","1085":" ","1086":" ","1087":" ","1088":" ","1089":"c","1090":"l","1091":"a","1092":"s","1093":"s","1094":"=","1095":"\\","1096":"\"","1097":"i","1098":"n","1099":"l","1100":"i","1101":"n","1102":"e","1103":"-","1104":"b","1105":"l","1106":"o","1107":"c","1108":"k","1109":" ","1110":"m","1111":"r","1112":"-","1113":"5","1114":"\\","1115":"\"","1116":"\\","1117":"n","1118":" ","1119":" ","1120":" ","1121":" ","1122":" ","1123":" ","1124":" ","1125":" ","1126":" ","1127":" ","1128":" ","1129":" ","1130":">","1131":"\\","1132":"n","1133":" ","1134":" ","1135":" ","1136":" ","1137":" ","1138":" ","1139":" ","1140":" ","1141":" ","1142":" ","1143":" ","1144":" ","1145":" ","1146":" ","1147":"{","1148":"{","1149":" ","1150":"l","1151":"o","1152":"c","1153":"a","1154":"t","1155":"i","1156":"o","1157":"n","1158":" ","1159":"}","1160":"}","1161":"\\","1162":"n","1163":" ","1164":" ","1165":" ","1166":" ","1167":" ","1168":" ","1169":" ","1170":" ","1171":" ","1172":" ","1173":" ","1174":" ","1175":"<","1176":"/","1177":"l","1178":"i","1179":">","1180":"\\","1181":"n","1182":" ","1183":" ","1184":" ","1185":" ","1186":" ","1187":" ","1188":" ","1189":" ","1190":" ","1191":" ","1192":"<","1193":"/","1194":"d","1195":"i","1196":"v","1197":">","1198":"\\","1199":"n","1200":" ","1201":" ","1202":" ","1203":" ","1204":" ","1205":" ","1206":" ","1207":" ","1208":"<","1209":"/","1210":"d","1211":"i","1212":"v","1213":">","1214":"\\","1215":"n","1216":" ","1217":" ","1218":" ","1219":" ","1220":" ","1221":" ","1222":"<","1223":"/","1224":"d","1225":"i","1226":"v","1227":">","1228":"\\","1229":"n","1230":" ","1231":" ","1232":" ","1233":" ","1234":" ","1235":" ","1236":"<","1237":"d","1238":"i","1239":"v","1240":" ","1241":"c","1242":"l","1243":"a","1244":"s","1245":"s","1246":"=","1247":"\\","1248":"\"","1249":"p","1250":"x","1251":"-","1252":"8","1253":" ","1254":"p","1255":"y","1256":"-","1257":"4","1258":"\\","1259":"\"","1260":">","1261":"\\","1262":"n","1263":" ","1264":" ","1265":" ","1266":" ","1267":" ","1268":" ","1269":" ","1270":" ","1271":"<","1272":"d","1273":"i","1274":"v","1275":">","1276":"\\","1277":"n","1278":" ","1279":" ","1280":" ","1281":" ","1282":" ","1283":" ","1284":" ","1285":" ","1286":" ","1287":" ","1288":"<","1289":"h","1290":"3","1291":" ","1292":"c","1293":"l","1294":"a","1295":"s","1296":"s","1297":"=","1298":"\\","1299":"\"","1300":"m","1301":"t","1302":"-","1303":"1","1304":" ","1305":"m","1306":"b","1307":"-","1308":"2","1309":"\\","1310":"\"","1311":">","1312":"M","1313":"i","1314":"n","1315":"i","1316":"m","1317":"u","1318":"m","1319":" ","1320":"q","1321":"u","1322":"a","1323":"l","1324":"i","1325":"f","1326":"i","1327":"c","1328":"a","1329":"t","1330":"i","1331":"o","1332":"n","1333":"s","1334":":","1335":"<","1336":"/","1337":"h","1338":"3","1339":">","1340":"\\","1341":"n","1342":" ","1343":" ","1344":" ","1345":" ","1346":" ","1347":" ","1348":" ","1349":" ","1350":" ","1351":" ","1352":"<","1353":"d","1354":"i","1355":"v","1356":">","1357":"\\","1358":"n","1359":" ","1360":" ","1361":" ","1362":" ","1363":" ","1364":" ","1365":" ","1366":" ","1367":" ","1368":" ","1369":" ","1370":" ","1371":"<","1372":"u","1373":"l","1374":" ","1375":"c","1376":"l","1377":"a","1378":"s","1379":"s","1380":"=","1381":"\\","1382":"\"","1383":"p","1384":"l","1385":"-","1386":"8","1387":" ","1388":"l","1389":"i","1390":"s","1391":"t","1392":"-","1393":"d","1394":"i","1395":"s","1396":"c","1397":"\\","1398":"\"","1399":">","1400":"\\","1401":"n","1402":" ","1403":" ","1404":" ","1405":" ","1406":" ","1407":" ","1408":" ","1409":" ","1410":" ","1411":" ","1412":" ","1413":" ","1414":" ","1415":" ","1416":"<","1417":"l","1418":"i","1419":"\\","1420":"n","1421":" ","1422":" ","1423":" ","1424":" ","1425":" ","1426":" ","1427":" ","1428":" ","1429":" ","1430":" ","1431":" ","1432":" ","1433":" ","1434":" ","1435":" ","1436":" ","1437":"v","1438":"-","1439":"f","1440":"o","1441":"r","1442":"=","1443":"\\","1444":"\"","1445":"q","1446":"u","1447":"a","1448":"l","1449":"i","1450":"f","1451":"i","1452":"c","1453":"a","1454":"t","1455":"i","1456":"o","1457":"n","1458":" ","1459":"i","1460":"n","1461":" ","1462":"j","1463":"o","1464":"b","1465":".","1466":"m","1467":"i","1468":"n","1469":"i","1470":"m","1471":"u","1472":"m","1473":"Q","1474":"u","1475":"a","1476":"l","1477":"i","1478":"f","1479":"i","1480":"c","1481":"a","1482":"t","1483":"i","1484":"o","1485":"n","1486":"s","1487":"\\","1488":"\"","1489":"\\","1490":"n","1491":" ","1492":" ","1493":" ","1494":" ","1495":" ","1496":" ","1497":" ","1498":" ","1499":" ","1500":" ","1501":" ","1502":" ","1503":" ","1504":" ","1505":" ","1506":" ","1507":":","1508":"k","1509":"e","1510":"y","1511":"=","1512":"\\","1513":"\"","1514":"q","1515":"u","1516":"a","1517":"l","1518":"i","1519":"f","1520":"i","1521":"c","1522":"a","1523":"t","1524":"i","1525":"o","1526":"n","1527":"\\","1528":"\"","1529":"\\","1530":"n","1531":" ","1532":" ","1533":" ","1534":" ","1535":" ","1536":" ","1537":" ","1538":" ","1539":" ","1540":" ","1541":" ","1542":" ","1543":" ","1544":" ","1545":">","1546":"\\","1547":"n","1548":" ","1549":" ","1550":" ","1551":" ","1552":" ","1553":" ","1554":" ","1555":" ","1556":" ","1557":" ","1558":" ","1559":" ","1560":" ","1561":" ","1562":" ","1563":" ","1564":"{","1565":"{","1566":" ","1567":"q","1568":"u","1569":"a","1570":"l","1571":"i","1572":"f","1573":"i","1574":"c","1575":"a","1576":"t","1577":"i","1578":"o","1579":"n","1580":" ","1581":"}","1582":"}","1583":"\\","1584":"n","1585":" ","1586":" ","1587":" ","1588":" ","1589":" ","1590":" ","1591":" ","1592":" ","1593":" ","1594":" ","1595":" ","1596":" ","1597":" ","1598":" ","1599":"<","1600":"/","1601":"l","1602":"i","1603":">","1604":"\\","1605":"n","1606":" ","1607":" ","1608":" ","1609":" ","1610":" ","1611":" ","1612":" ","1613":" ","1614":" ","1615":" ","1616":" ","1617":" ","1618":"<","1619":"/","1620":"u","1621":"l","1622":">","1623":"\\","1624":"n","1625":" ","1626":" ","1627":" ","1628":" ","1629":" ","1630":" ","1631":" ","1632":" ","1633":" ","1634":" ","1635":"<","1636":"/","1637":"d","1638":"i","1639":"v","1640":">","1641":"\\","1642":"n","1643":" ","1644":" ","1645":" ","1646":" ","1647":" ","1648":" ","1649":" ","1650":" ","1651":"<","1652":"/","1653":"d","1654":"i","1655":"v","1656":">","1657":"\\","1658":"n","1659":" ","1660":" ","1661":" ","1662":" ","1663":" ","1664":" ","1665":" ","1666":" ","1667":"<","1668":"d","1669":"i","1670":"v","1671":" ","1672":"c","1673":"l","1674":"a","1675":"s","1676":"s","1677":"=","1678":"\\","1679":"\"","1680":"m","1681":"t","1682":"-","1683":"2","1684":" ","1685":"t","1686":"e","1687":"x","1688":"t","1689":"-","1690":"c","1691":"e","1692":"n","1693":"t","1694":"e","1695":"r","1696":"\\","1697":"\"","1698":">","1699":"\\","1700":"n","1701":" ","1702":" ","1703":" ","1704":" ","1705":" ","1706":" ","1707":" ","1708":" ","1709":" ","1710":" ","1711":"<","1712":"r","1713":"o","1714":"u","1715":"t","1716":"e","1717":"r","1718":"-","1719":"l","1720":"i","1721":"n","1722":"k","1723":" ","1724":":","1725":"t","1726":"o","1727":"=","1728":"\\","1729":"\"","1730":"j","1731":"o","1732":"b","1733":"P","1734":"a","1735":"g","1736":"e","1737":"L","1738":"i","1739":"n","1740":"k","1741":"\\","1742":"\"","1743":" ","1744":"c","1745":"l","1746":"a","1747":"s","1748":"s","1749":"=","1750":"\\","1751":"\"","1752":"t","1753":"e","1754":"x","1755":"t","1756":"-","1757":"b","1758":"r","1759":"a","1760":"n","1761":"d","1762":"-","1763":"b","1764":"l","1765":"u","1766":"e","1767":"-","1768":"1","1769":"\\","1770":"\"","1771":"\\","1772":"n","1773":" ","1774":" ","1775":" ","1776":" ","1777":" ","1778":" ","1779":" ","1780":" ","1781":" ","1782":" ","1783":" ","1784":" ","1785":">","1786":"E","1787":"x","1788":"p","1789":"a","1790":"n","1791":"d","1792":"<","1793":"/","1794":"r","1795":"o","1796":"u","1797":"t","1798":"e","1799":"r","1800":"-","1801":"l","1802":"i","1803":"n","1804":"k","1805":"\\","1806":"n","1807":" ","1808":" ","1809":" ","1810":" ","1811":" ","1812":" ","1813":" ","1814":" ","1815":" ","1816":" ","1817":">","1818":"\\","1819":"n","1820":" ","1821":" ","1822":" ","1823":" ","1824":" ","1825":" ","1826":" ","1827":" ","1828":"<","1829":"/","1830":"d","1831":"i","1832":"v","1833":">","1834":"\\","1835":"n","1836":" ","1837":" ","1838":" ","1839":" ","1840":" ","1841":" ","1842":"<","1843":"/","1844":"d","1845":"i","1846":"v","1847":">","1848":"\\","1849":"n","1850":" ","1851":" ","1852":" ","1853":" ","1854":"<","1855":"/","1856":"r","1857":"o","1858":"u","1859":"t","1860":"e","1861":"r","1862":"-","1863":"l","1864":"i","1865":"n","1866":"k","1867":">","1868":"\\","1869":"n","1870":" ","1871":" ","1872":"<","1873":"/","1874":"l","1875":"i","1876":">","1877":"\\","1878":"n","1879":"<","1880":"/","1881":"t","1882":"e","1883":"m","1884":"p","1885":"l","1886":"a","1887":"t","1888":"e","1889":">","1890":"\\","1891":"n","1892":"\\","1893":"n","1894":"<","1895":"s","1896":"c","1897":"r","1898":"i","1899":"p","1900":"t","1901":">","1902":"\\","1903":"n","1904":"e","1905":"x","1906":"p","1907":"o","1908":"r","1909":"t","1910":" ","1911":"d","1912":"e","1913":"f","1914":"a","1915":"u","1916":"l","1917":"t","1918":" ","1919":"{","1920":"\\","1921":"n","1922":" ","1923":" ","1924":"n","1925":"a","1926":"m","1927":"e","1928":":","1929":" ","1930":"\\","1931":"\"","1932":"J","1933":"o","1934":"b","1935":"L","1936":"i","1937":"s","1938":"t","1939":"i","1940":"n","1941":"g","1942":"\\","1943":"\"","1944":",","1945":"\\","1946":"n","1947":" ","1948":" ","1949":"p","1950":"r","1951":"o","1952":"p","1953":"s","1954":":","1955":" ","1956":"{","1957":"\\","1958":"n","1959":" ","1960":" ","1961":" ","1962":" ","1963":"j","1964":"o","1965":"b","1966":":","1967":" ","1968":"{","1969":"\\","1970":"n","1971":" ","1972":" ","1973":" ","1974":" ","1975":" ","1976":" ","1977":"t","1978":"y","1979":"p","1980":"e","1981":":","1982":" ","1983":"O","1984":"b","1985":"j","1986":"e","1987":"c","1988":"t","1989":",","1990":"\\","1991":"n","1992":" ","1993":" ","1994":" ","1995":" ","1996":" ","1997":" ","1998":"r","1999":"e","2000":"q","2001":"u","2002":"i","2003":"r","2004":"e","2005":"d","2006":":","2007":" ","2008":"t","2009":"r","2010":"u","2011":"e","2012":",","2013":"\\","2014":"n","2015":" ","2016":" ","2017":" ","2018":" ","2019":"}","2020":",","2021":"\\","2022":"n","2023":" ","2024":" ","2025":"}","2026":",","2027":"\\","2028":"n","2029":" ","2030":" ","2031":"c","2032":"o","2033":"m","2034":"p","2035":"u","2036":"t","2037":"e","2038":"d","2039":":","2040":" ","2041":"{","2042":"\\","2043":"n","2044":" ","2045":" ","2046":" ","2047":" ","2048":"j","2049":"o","2050":"b","2051":"P","2052":"a","2053":"g","2054":"e","2055":"L","2056":"i","2057":"n","2058":"k","2059":"(","2060":")","2061":" ","2062":"{","2063":"\\","2064":"n","2065":" ","2066":" ","2067":" ","2068":" ","2069":" ","2070":" ","2071":"r","2072":"e","2073":"t","2074":"u","2075":"r","2076":"n","2077":" ","2078":"`","2079":"/","2080":"j","2081":"o","2082":"b","2083":"s","2084":"/","2085":"r","2086":"e","2087":"s","2088":"u","2089":"l","2090":"t","2091":"s","2092":"/","2093":"$","2094":"{","2095":"t","2096":"h","2097":"i","2098":"s","2099":".","2100":"j","2101":"o","2102":"b","2103":".","2104":"i","2105":"d","2106":"}","2107":"`","2108":";","2109":"\\","2110":"n","2111":" ","2112":" ","2113":" ","2114":" ","2115":"}","2116":",","2117":"\\","2118":"n","2119":" ","2120":" ","2121":"}","2122":",","2123":"\\","2124":"n","2125":"}","2126":";","2127":"\\","2128":"n","2129":"<","2130":"/","2131":"s","2132":"c","2133":"r","2134":"i","2135":"p","2136":"t","2137":">","2138":"\\","2139":"n","2140":"\"","2141":"]","2142":"}"},"_coverageSchema":"1a1c01bbd47fc00a2c39e90264f33305004495a9","hash":"5c1638fc3de74923a0899074e49ef3863b1529c9"}
,"/home/james/Dropbox/vuemasterclass/src/components/JobSearch/Headline.vue": {"path":"/home/james/Dropbox/vuemasterclass/src/components/JobSearch/Headline.vue","statementMap":{"0":{"start":{"line":4,"column":29},"end":{"line":4,"column":143}},"1":{"start":{"line":5,"column":0},"end":{"line":7,"column":3}},"2":{"start":{"line":8,"column":0},"end":{"line":8,"column":25}},"3":{"start":{"line":51,"column":0},"end":{"line":51,"column":13}},"4":{"start":{"line":53,"column":0},"end":{"line":55,"column":3}},"5":{"start":{"line":56,"column":0},"end":{"line":56,"column":24}},"6":{"start":{"line":57,"column":11},"end":{"line":57,"column":25}},"7":{"start":{"line":58,"column":19},"end":{"line":60,"column":1}},"8":{"start":{"line":61,"column":19},"end":{"line":63,"column":1}},"9":{"start":{"line":64,"column":32},"end":{"line":64,"column":96}},"10":{"start":{"line":65,"column":32},"end":{"line":67,"column":51}},"11":{"start":{"line":70,"column":2},"end":{"line":73,"column":138}},"12":{"start":{"line":74,"column":2},"end":{"line":74,"column":49}}},"fnMap":{"0":{"name":"render","decl":{"start":{"line":69,"column":9},"end":{"line":69,"column":15}},"loc":{"start":{"line":69,"column":30},"end":{"line":74,"column":1}},"line":69}},"branchMap":{},"s":{"0":1,"1":1,"2":1,"3":1,"4":1,"5":1,"6":1,"7":1,"8":1,"9":1,"10":1,"11":7,"12":1},"f":{"0":7},"b":{},"inputSourceMap":{"0":"{","1":"\"","2":"v","3":"e","4":"r","5":"s","6":"i","7":"o","8":"n","9":"\"","10":":","11":"3","12":",","13":"\"","14":"s","15":"o","16":"u","17":"r","18":"c","19":"e","20":"s","21":"\"","22":":","23":"[","24":"\"","25":"/","26":"h","27":"o","28":"m","29":"e","30":"/","31":"j","32":"a","33":"m","34":"e","35":"s","36":"/","37":"D","38":"r","39":"o","40":"p","41":"b","42":"o","43":"x","44":"/","45":"v","46":"u","47":"e","48":"m","49":"a","50":"s","51":"t","52":"e","53":"r","54":"c","55":"l","56":"a","57":"s","58":"s","59":"/","60":"s","61":"r","62":"c","63":"/","64":"c","65":"o","66":"m","67":"p","68":"o","69":"n","70":"e","71":"n","72":"t","73":"s","74":"/","75":"J","76":"o","77":"b","78":"S","79":"e","80":"a","81":"r","82":"c","83":"h","84":"/","85":"H","86":"e","87":"a","88":"d","89":"l","90":"i","91":"n","92":"e","93":".","94":"v","95":"u","96":"e","97":"\"","98":"]","99":",","100":"\"","101":"n","102":"a","103":"m","104":"e","105":"s","106":"\"","107":":","108":"[","109":"]","110":",","111":"\"","112":"m","113":"a","114":"p","115":"p","116":"i","117":"n","118":"g","119":"s","120":"\"","121":":","122":"\"","123":";","124":";","125":";","126":";","127":";","128":";","129":";","130":";","131":"A","132":"A","133":"W","134":"A","135":";","136":"A","137":"A","138":"A","139":"A","140":";","141":"A","142":"A","143":"A","144":"A","145":";","146":"A","147":"A","148":"A","149":"0","150":"D","151":";","152":"A","153":"A","154":"A","155":"A","156":",","157":"e","158":"A","159":"E","160":"3","161":"C","162":";","163":"E","164":"A","165":"C","166":"b","167":",","168":"I","169":"A","170":"A","171":"I","172":",","173":"E","174":"A","175":"A","176":"E","177":",","178":"U","179":"A","180":"A","181":"U","182":";","183":"E","184":"A","185":"C","186":"h","187":"B","188":",","189":"I","190":"A","191":"A","192":"I","193":",","194":"G","195":"A","196":"A","197":"G","198":";","199":"I","200":"A","201":"C","202":"L","203":",","204":"O","205":"A","206":"A","207":"O","208":";","209":"M","210":"A","211":"C","212":"L","213":",","214":"M","215":"A","216":"A","217":"M","218":",","219":"E","220":"A","221":"A","222":"E","223":",","224":"O","225":"A","226":"A","227":"O","228":";","229":"M","230":"A","231":"C","232":"f","233":",","234":"Q","235":"A","236":"A","237":"Q","238":",","239":"E","240":"A","241":"A","242":"E","243":";","244":"I","245":"A","246":"C","247":"Z","248":",","249":"C","250":"A","251":"A","252":"C","253":";","254":"E","255":"A","256":"C","257":"H","258":",","259":"C","260":"A","261":"A","262":"C","263":";","264":"E","265":"A","266":"C","267":"D","268":",","269":"Q","270":"A","271":"A","272":"Q","273":",","274":"E","275":"A","276":"A","277":"E","278":";","279":"I","280":"A","281":"C","282":"R","283":",","284":"a","285":"A","286":"A","287":"a","288":",","289":"G","290":"A","291":"A","292":"G","293":";","294":"M","295":"A","296":"C","297":"d","298":",","299":"O","300":"A","301":"A","302":"O","303":";","304":"Q","305":"A","306":"C","307":"L","308":",","309":"C","310":"A","311":"A","312":"C","313":",","314":"I","315":"A","316":"A","317":"I","318":",","319":"C","320":"A","321":"A","322":"C","323":",","324":"M","325":"A","326":"A","327":"M","328":",","329":"C","330":"A","331":"A","332":"C","333":",","334":"W","335":"A","336":"A","337":"W","338":",","339":"E","340":"A","341":"A","342":"E","343":",","344":"G","345":"A","346":"A","347":"G","348":";","349":"M","350":"A","351":"C","352":"/","353":"B","354":",","355":"C","356":"A","357":"A","358":"C","359":";","360":"I","361":"A","362":"C","363":"H","364":";","365":"E","366":"A","367":"C","368":"F","369":",","370":"C","371":"A","372":"A","373":"C","374":";","375":"E","376":"A","377":"C","378":"D","379":",","380":"O","381":"A","382":"A","383":"O","384":",","385":"G","386":"A","387":"A","388":"G","389":";","390":"I","391":"A","392":"C","393":"R","394":",","395":"I","396":"A","397":"A","398":"I","399":",","400":"C","401":"A","402":"A","403":"C","404":",","405":"W","406":"A","407":"A","408":"W","409":",","410":"E","411":"A","412":"A","413":"E","414":";","415":"E","416":"A","417":"C","418":"p","419":"B","420":",","421":"C","422":"A","423":"A","424":"C","425":";","426":"E","427":"A","428":"C","429":"D","430":",","431":"a","432":"A","433":"A","434":"a","435":",","436":"G","437":"A","438":"A","439":"G","440":";","441":"I","442":"A","443":"C","444":"d","445":",","446":"a","447":"A","448":"A","449":"a","450":",","451":"C","452":"A","453":"A","454":"C","455":",","456":"I","457":"A","458":"A","459":"I","460":",","461":"C","462":"A","463":"A","464":"C","465":",","466":"Q","467":"A","468":"A","469":"Q","470":",","471":"C","472":"A","473":"A","474":"C","475":";","476":"E","477":"A","478":"C","479":"9","480":"B","481":",","482":"C","483":"A","484":"A","485":"C","486":";","487":"E","488":"A","489":"C","490":"D","491":",","492":"O","493":"A","494":"A","495":"O","496":",","497":"E","498":"A","499":"A","500":"E","501":";","502":"I","503":"A","504":"C","505":"P","506":",","507":"W","508":"A","509":"A","510":"W","511":",","512":"G","513":"A","514":"A","515":"G","516":";","517":"M","518":"A","519":"C","520":"Z","521":",","522":"I","523":"A","524":"A","525":"I","526":",","527":"C","528":"A","529":"A","530":"C","531":",","532":"Q","533":"A","534":"A","535":"Q","536":",","537":"G","538":"A","539":"A","540":"G","541":",","542":"W","543":"A","544":"A","545":"W","546":",","547":"C","548":"A","549":"A","550":"C","551":",","552":"M","553":"A","554":"A","555":"M","556":";","557":"Q","558":"A","559":"C","560":"h","561":"C","562":",","563":"M","564":"A","565":"A","566":"M","567":",","568":"O","569":"A","570":"A","571":"O","572":",","573":"G","574":"A","575":"A","576":"G","577":",","578":"C","579":"A","580":"A","581":"C","582":",","583":"O","584":"A","585":"A","586":"O","587":",","588":"E","589":"A","590":"A","591":"E","592":",","593":"Q","594":"A","595":"A","596":"Q","597":",","598":"E","599":"A","600":"A","601":"E","602":",","603":"Q","604":"A","605":"A","606":"Q","607":",","608":"E","609":"A","610":"A","611":"E","612":",","613":"M","614":"A","615":"A","616":"M","617":",","618":"C","619":"A","620":"A","621":"C","622":";","623":"Q","624":"A","625":"C","626":"r","627":"D","628":",","629":"I","630":"A","631":"A","632":"I","633":",","634":"C","635":"A","636":"A","637":"C","638":",","639":"M","640":"A","641":"A","642":"M","643":";","644":"Q","645":"A","646":"A","647":"G","648":";","649":"Q","650":"A","651":"A","652":"A","653":";","654":"Q","655":"A","656":"A","657":"A","658":";","659":"Q","660":"A","661":"A","662":"A","663":";","664":"Q","665":"A","666":"A","667":"A","668":";","669":"Q","670":"A","671":"A","672":"A","673":",","674":"O","675":"A","676":"A","677":"i","678":"B","679":",","680":"E","681":"A","682":"A","683":"C","684":",","685":"O","686":"A","687":"A","688":"O","689":",","690":"E","691":"A","692":"A","693":"E","694":",","695":"I","696":"A","697":"A","698":"I","699":",","700":"C","701":"A","702":"A","703":"C","704":",","705":"M","706":"A","707":"A","708":"M","709":",","710":"C","711":"A","712":"A","713":"C","714":";","715":"M","716":"A","717":"C","718":"v","719":"D","720":",","721":"C","722":"A","723":"A","724":"C","725":",","726":"E","727":"A","728":"A","729":"E","730":",","731":"I","732":"A","733":"A","734":"I","735":",","736":"C","737":"A","738":"A","739":"C","740":";","741":"I","742":"A","743":"C","744":"V","745":";","746":"E","747":"A","748":"C","749":"F","750":";","751":"A","752":"A","753":"C","754":"F","755":",","756":"C","757":"A","758":"A","759":"C","760":";","761":"A","762":"A","763":"A","764":"A","765":";","766":"A","767":"A","768":"A","769":"A","770":"\"","771":",","772":"\"","773":"f","774":"i","775":"l","776":"e","777":"\"","778":":","779":"\"","780":"/","781":"h","782":"o","783":"m","784":"e","785":"/","786":"j","787":"a","788":"m","789":"e","790":"s","791":"/","792":"D","793":"r","794":"o","795":"p","796":"b","797":"o","798":"x","799":"/","800":"v","801":"u","802":"e","803":"m","804":"a","805":"s","806":"t","807":"e","808":"r","809":"c","810":"l","811":"a","812":"s","813":"s","814":"/","815":"s","816":"r","817":"c","818":"/","819":"c","820":"o","821":"m","822":"p","823":"o","824":"n","825":"e","826":"n","827":"t","828":"s","829":"/","830":"J","831":"o","832":"b","833":"S","834":"e","835":"a","836":"r","837":"c","838":"h","839":"/","840":"H","841":"e","842":"a","843":"d","844":"l","845":"i","846":"n","847":"e","848":".","849":"v","850":"u","851":"e","852":"\"","853":",","854":"\"","855":"s","856":"o","857":"u","858":"r","859":"c","860":"e","861":"s","862":"C","863":"o","864":"n","865":"t","866":"e","867":"n","868":"t","869":"\"","870":":","871":"[","872":"\"","873":"<","874":"t","875":"e","876":"m","877":"p","878":"l","879":"a","880":"t","881":"e","882":">","883":"\\","884":"n","885":" ","886":" ","887":"<","888":"s","889":"e","890":"c","891":"t","892":"i","893":"o","894":"n","895":" ","896":"c","897":"l","898":"a","899":"s","900":"s","901":"=","902":"\\","903":"\"","904":"m","905":"b","906":"-","907":"1","908":"6","909":"\\","910":"\"","911":">","912":"\\","913":"n","914":" ","915":" ","916":" ","917":" ","918":"<","919":"h","920":"1","921":" ","922":"c","923":"l","924":"a","925":"s","926":"s","927":"=","928":"\\","929":"\"","930":"f","931":"o","932":"n","933":"t","934":"-","935":"b","936":"o","937":"l","938":"d","939":" ","940":"t","941":"r","942":"a","943":"c","944":"k","945":"i","946":"n","947":"g","948":"-","949":"t","950":"i","951":"g","952":"h","953":"t","954":"e","955":"r","956":" ","957":"t","958":"e","959":"x","960":"t","961":"-","962":"8","963":"x","964":"l","965":" ","966":"m","967":"b","968":"-","969":"1","970":"4","971":"\\","972":"\"","973":">","974":"\\","975":"n","976":" ","977":" ","978":" ","979":" ","980":" ","981":" ","982":"<","983":"s","984":"p","985":"a","986":"n","987":" ","988":":","989":"c","990":"l","991":"a","992":"s","993":"s","994":"=","995":"\\","996":"\"","997":"a","998":"c","999":"t","1000":"i","1001":"o","1002":"n","1003":"C","1004":"l","1005":"a","1006":"s","1007":"s","1008":"e","1009":"s","1010":"\\","1011":"\"","1012":" ","1013":"d","1014":"a","1015":"t","1016":"a","1017":"-","1018":"t","1019":"e","1020":"s","1021":"t","1022":"=","1023":"\\","1024":"\"","1025":"a","1026":"c","1027":"t","1028":"i","1029":"o","1030":"n","1031":"-","1032":"v","1033":"e","1034":"r","1035":"b","1036":"\\","1037":"\"","1038":">","1039":"{","1040":"{","1041":" ","1042":"a","1043":"c","1044":"t","1045":"i","1046":"o","1047":"n","1048":" ","1049":"}","1050":"}","1051":"<","1052":"/","1053":"s","1054":"p","1055":"a","1056":"n","1057":"\\","1058":"n","1059":" ","1060":" ","1061":" ","1062":" ","1063":" ","1064":" ","1065":">","1066":"<","1067":"b","1068":"r","1069":" ","1070":"/","1071":">","1072":"f","1073":"o","1074":"r","1075":" ","1076":"e","1077":"v","1078":"e","1079":"r","1080":"y","1081":"o","1082":"n","1083":"e","1084":"\\","1085":"n","1086":" ","1087":" ","1088":" ","1089":" ","1090":"<","1091":"/","1092":"h","1093":"1","1094":">","1095":"\\","1096":"n","1097":" ","1098":" ","1099":" ","1100":" ","1101":"<","1102":"h","1103":"2","1104":" ","1105":"c","1106":"l","1107":"a","1108":"s","1109":"s","1110":"=","1111":"\\","1112":"\"","1113":"t","1114":"e","1115":"x","1116":"t","1117":"-","1118":"3","1119":"x","1120":"l","1121":" ","1122":"f","1123":"o","1124":"n","1125":"t","1126":"-","1127":"l","1128":"i","1129":"g","1130":"h","1131":"t","1132":"\\","1133":"\"","1134":">","1135":"F","1136":"i","1137":"n","1138":"d","1139":" ","1140":"y","1141":"o","1142":"u","1143":"r","1144":" ","1145":"n","1146":"e","1147":"x","1148":"t","1149":" ","1150":"j","1151":"o","1152":"b","1153":" ","1154":"a","1155":"t","1156":" ","1157":"D","1158":"r","1159":"e","1160":"a","1161":"m","1162":"<","1163":"/","1164":"h","1165":"2","1166":">","1167":"\\","1168":"n","1169":" ","1170":" ","1171":"<","1172":"/","1173":"s","1174":"e","1175":"c","1176":"t","1177":"i","1178":"o","1179":"n","1180":">","1181":"\\","1182":"n","1183":"<","1184":"/","1185":"t","1186":"e","1187":"m","1188":"p","1189":"l","1190":"a","1191":"t","1192":"e","1193":">","1194":"\\","1195":"n","1196":"\\","1197":"n","1198":"<","1199":"s","1200":"c","1201":"r","1202":"i","1203":"p","1204":"t","1205":">","1206":"\\","1207":"n","1208":"i","1209":"m","1210":"p","1211":"o","1212":"r","1213":"t","1214":" ","1215":"n","1216":"e","1217":"x","1218":"t","1219":"E","1220":"l","1221":"e","1222":"m","1223":"e","1224":"n","1225":"t","1226":"I","1227":"n","1228":"L","1229":"i","1230":"s","1231":"t","1232":" ","1233":"f","1234":"r","1235":"o","1236":"m","1237":" ","1238":"\\","1239":"\"","1240":"@","1241":"/","1242":"u","1243":"t","1244":"i","1245":"l","1246":"s","1247":"/","1248":"n","1249":"e","1250":"x","1251":"t","1252":"E","1253":"l","1254":"e","1255":"m","1256":"e","1257":"n","1258":"t","1259":"I","1260":"n","1261":"L","1262":"i","1263":"s","1264":"t","1265":"\\","1266":"\"","1267":";","1268":"\\","1269":"n","1270":"\\","1271":"n","1272":"e","1273":"x","1274":"p","1275":"o","1276":"r","1277":"t","1278":" ","1279":"d","1280":"e","1281":"f","1282":"a","1283":"u","1284":"l","1285":"t","1286":" ","1287":"{","1288":"\\","1289":"n","1290":" ","1291":" ","1292":"n","1293":"a","1294":"m","1295":"e","1296":":","1297":" ","1298":"\\","1299":"\"","1300":"H","1301":"e","1302":"a","1303":"d","1304":"l","1305":"i","1306":"n","1307":"e","1308":"\\","1309":"\"","1310":",","1311":"\\","1312":"n","1313":" ","1314":" ","1315":"d","1316":"a","1317":"t","1318":"a","1319":"(","1320":")","1321":" ","1322":"{","1323":"\\","1324":"n","1325":" ","1326":" ","1327":" ","1328":" ","1329":"r","1330":"e","1331":"t","1332":"u","1333":"r","1334":"n","1335":" ","1336":"{","1337":"\\","1338":"n","1339":" ","1340":" ","1341":" ","1342":" ","1343":" ","1344":" ","1345":"a","1346":"c","1347":"t","1348":"i","1349":"o","1350":"n","1351":":","1352":" ","1353":"\\","1354":"\"","1355":"B","1356":"u","1357":"i","1358":"l","1359":"d","1360":"\\","1361":"\"","1362":",","1363":"\\","1364":"n","1365":" ","1366":" ","1367":" ","1368":" ","1369":" ","1370":" ","1371":"i","1372":"n","1373":"t","1374":"e","1375":"r","1376":"v","1377":"a","1378":"l","1379":":","1380":" ","1381":"n","1382":"u","1383":"l","1384":"l","1385":",","1386":"\\","1387":"n","1388":" ","1389":" ","1390":" ","1391":" ","1392":"}","1393":";","1394":"\\","1395":"n","1396":" ","1397":" ","1398":"}","1399":",","1400":"\\","1401":"n","1402":" ","1403":" ","1404":"c","1405":"o","1406":"m","1407":"p","1408":"u","1409":"t","1410":"e","1411":"d","1412":":","1413":" ","1414":"{","1415":"\\","1416":"n","1417":" ","1418":" ","1419":" ","1420":" ","1421":"a","1422":"c","1423":"t","1424":"i","1425":"o","1426":"n","1427":"C","1428":"l","1429":"a","1430":"s","1431":"s","1432":"e","1433":"s","1434":"(","1435":")","1436":" ","1437":"{","1438":"\\","1439":"n","1440":" ","1441":" ","1442":" ","1443":" ","1444":" ","1445":" ","1446":"r","1447":"e","1448":"t","1449":"u","1450":"r","1451":"n","1452":" ","1453":"{","1454":"\\","1455":"n","1456":" ","1457":" ","1458":" ","1459":" ","1460":" ","1461":" ","1462":" ","1463":" ","1464":"[","1465":"t","1466":"h","1467":"i","1468":"s","1469":".","1470":"a","1471":"c","1472":"t","1473":"i","1474":"o","1475":"n","1476":".","1477":"t","1478":"o","1479":"L","1480":"o","1481":"w","1482":"e","1483":"r","1484":"C","1485":"a","1486":"s","1487":"e","1488":"(","1489":")","1490":"]","1491":":","1492":" ","1493":"t","1494":"r","1495":"u","1496":"e","1497":",","1498":"\\","1499":"n","1500":" ","1501":" ","1502":" ","1503":" ","1504":" ","1505":" ","1506":"}","1507":";","1508":"\\","1509":"n","1510":" ","1511":" ","1512":" ","1513":" ","1514":"}","1515":",","1516":"\\","1517":"n","1518":" ","1519":" ","1520":"}","1521":",","1522":"\\","1523":"n","1524":" ","1525":" ","1526":"c","1527":"r","1528":"e","1529":"a","1530":"t","1531":"e","1532":"d","1533":"(","1534":")","1535":" ","1536":"{","1537":"\\","1538":"n","1539":" ","1540":" ","1541":" ","1542":" ","1543":"t","1544":"h","1545":"i","1546":"s","1547":".","1548":"c","1549":"h","1550":"a","1551":"n","1552":"g","1553":"e","1554":"T","1555":"i","1556":"t","1557":"l","1558":"e","1559":"(","1560":")","1561":";","1562":"\\","1563":"n","1564":" ","1565":" ","1566":"}","1567":",","1568":"\\","1569":"n","1570":" ","1571":" ","1572":"b","1573":"e","1574":"f","1575":"o","1576":"r","1577":"e","1578":"U","1579":"n","1580":"m","1581":"o","1582":"u","1583":"n","1584":"t","1585":"(","1586":")","1587":" ","1588":"{","1589":"\\","1590":"n","1591":" ","1592":" ","1593":" ","1594":" ","1595":"c","1596":"l","1597":"e","1598":"a","1599":"r","1600":"I","1601":"n","1602":"t","1603":"e","1604":"r","1605":"v","1606":"a","1607":"l","1608":"(","1609":"t","1610":"h","1611":"i","1612":"s","1613":".","1614":"i","1615":"n","1616":"t","1617":"e","1618":"r","1619":"v","1620":"a","1621":"l","1622":")","1623":";","1624":"\\","1625":"n","1626":" ","1627":" ","1628":"}","1629":",","1630":"\\","1631":"n","1632":" ","1633":" ","1634":"m","1635":"e","1636":"t","1637":"h","1638":"o","1639":"d","1640":"s","1641":":","1642":" ","1643":"{","1644":"\\","1645":"n","1646":" ","1647":" ","1648":" ","1649":" ","1650":"c","1651":"h","1652":"a","1653":"n","1654":"g","1655":"e","1656":"T","1657":"i","1658":"t","1659":"l","1660":"e","1661":"(","1662":")","1663":" ","1664":"{","1665":"\\","1666":"n","1667":" ","1668":" ","1669":" ","1670":" ","1671":" ","1672":" ","1673":"t","1674":"h","1675":"i","1676":"s","1677":".","1678":"i","1679":"n","1680":"t","1681":"e","1682":"r","1683":"v","1684":"a","1685":"l","1686":" ","1687":"=","1688":" ","1689":"s","1690":"e","1691":"t","1692":"I","1693":"n","1694":"t","1695":"e","1696":"r","1697":"v","1698":"a","1699":"l","1700":"(","1701":"(","1702":")","1703":" ","1704":"=","1705":">","1706":" ","1707":"{","1708":"\\","1709":"n","1710":" ","1711":" ","1712":" ","1713":" ","1714":" ","1715":" ","1716":" ","1717":" ","1718":"c","1719":"o","1720":"n","1721":"s","1722":"t","1723":" ","1724":"a","1725":"c","1726":"t","1727":"i","1728":"o","1729":"n","1730":"s","1731":" ","1732":"=","1733":" ","1734":"[","1735":"\\","1736":"\"","1737":"B","1738":"u","1739":"i","1740":"l","1741":"d","1742":"\\","1743":"\"","1744":",","1745":" ","1746":"\\","1747":"\"","1748":"C","1749":"r","1750":"e","1751":"a","1752":"t","1753":"e","1754":"\\","1755":"\"","1756":",","1757":" ","1758":"\\","1759":"\"","1760":"D","1761":"e","1762":"s","1763":"i","1764":"g","1765":"n","1766":"\\","1767":"\"","1768":",","1769":" ","1770":"\\","1771":"\"","1772":"C","1773":"o","1774":"d","1775":"e","1776":"\\","1777":"\"","1778":"]","1779":";","1780":"\\","1781":"n","1782":" ","1783":" ","1784":" ","1785":" ","1786":" ","1787":" ","1788":" ","1789":" ","1790":"t","1791":"h","1792":"i","1793":"s","1794":".","1795":"a","1796":"c","1797":"t","1798":"i","1799":"o","1800":"n","1801":" ","1802":"=","1803":" ","1804":"n","1805":"e","1806":"x","1807":"t","1808":"E","1809":"l","1810":"e","1811":"m","1812":"e","1813":"n","1814":"t","1815":"I","1816":"n","1817":"L","1818":"i","1819":"s","1820":"t","1821":"(","1822":"a","1823":"c","1824":"t","1825":"i","1826":"o","1827":"n","1828":"s","1829":",","1830":" ","1831":"t","1832":"h","1833":"i","1834":"s","1835":".","1836":"a","1837":"c","1838":"t","1839":"i","1840":"o","1841":"n","1842":")","1843":";","1844":"\\","1845":"n","1846":" ","1847":" ","1848":" ","1849":" ","1850":" ","1851":" ","1852":"}","1853":",","1854":" ","1855":"3","1856":"0","1857":"0","1858":"0","1859":")","1860":";","1861":"\\","1862":"n","1863":" ","1864":" ","1865":" ","1866":" ","1867":"}","1868":",","1869":"\\","1870":"n","1871":" ","1872":" ","1873":"}","1874":",","1875":"\\","1876":"n","1877":"}","1878":";","1879":"\\","1880":"n","1881":"<","1882":"/","1883":"s","1884":"c","1885":"r","1886":"i","1887":"p","1888":"t","1889":">","1890":"\\","1891":"n","1892":"\\","1893":"n","1894":"<","1895":"s","1896":"t","1897":"y","1898":"l","1899":"e","1900":" ","1901":"s","1902":"c","1903":"o","1904":"p","1905":"e","1906":"d","1907":">","1908":"\\","1909":"n","1910":".","1911":"b","1912":"u","1913":"i","1914":"l","1915":"d","1916":" ","1917":"{","1918":"\\","1919":"n","1920":" ","1921":" ","1922":"c","1923":"o","1924":"l","1925":"o","1926":"r","1927":":","1928":" ","1929":"#","1930":"1","1931":"a","1932":"7","1933":"3","1934":"e","1935":"8","1936":";","1937":"\\","1938":"n","1939":"}","1940":"\\","1941":"n","1942":".","1943":"c","1944":"r","1945":"e","1946":"a","1947":"t","1948":"e","1949":" ","1950":"{","1951":"\\","1952":"n","1953":" ","1954":" ","1955":"c","1956":"o","1957":"l","1958":"o","1959":"r","1960":":","1961":" ","1962":"#","1963":"3","1964":"4","1965":"a","1966":"8","1967":"5","1968":"3","1969":";","1970":"\\","1971":"n","1972":"}","1973":"\\","1974":"n","1975":".","1976":"d","1977":"e","1978":"s","1979":"i","1980":"g","1981":"n","1982":" ","1983":"{","1984":"\\","1985":"n","1986":" ","1987":" ","1988":"c","1989":"o","1990":"l","1991":"o","1992":"r","1993":":","1994":" ","1995":"#","1996":"f","1997":"9","1998":"a","1999":"b","2000":"0","2001":"0","2002":";","2003":"\\","2004":"n","2005":"}","2006":"\\","2007":"n","2008":".","2009":"c","2010":"o","2011":"d","2012":"e","2013":" ","2014":"{","2015":"\\","2016":"n","2017":" ","2018":" ","2019":"c","2020":"o","2021":"l","2022":"o","2023":"r","2024":":","2025":" ","2026":"#","2027":"d","2028":"9","2029":"3","2030":"0","2031":"2","2032":"5","2033":";","2034":"\\","2035":"n","2036":"}","2037":"\\","2038":"n","2039":"<","2040":"/","2041":"s","2042":"t","2043":"y","2044":"l","2045":"e","2046":">","2047":"\\","2048":"n","2049":"\"","2050":"]","2051":"}"},"_coverageSchema":"1a1c01bbd47fc00a2c39e90264f33305004495a9","hash":"3c7c43b9ce7fef81f273ca95d2a582de9b4ce00d"}
,"/home/james/Dropbox/vuemasterclass/src/components/JobSearch/JobSearchForm.vue": {"path":"/home/james/Dropbox/vuemasterclass/src/components/JobSearch/JobSearchForm.vue","statementMap":{"0":{"start":{"line":4,"column":29},"end":{"line":4,"column":143}},"1":{"start":{"line":5,"column":0},"end":{"line":7,"column":3}},"2":{"start":{"line":8,"column":0},"end":{"line":8,"column":25}},"3":{"start":{"line":9,"column":0},"end":{"line":9,"column":44}},"4":{"start":{"line":51,"column":0},"end":{"line":51,"column":13}},"5":{"start":{"line":53,"column":0},"end":{"line":55,"column":3}},"6":{"start":{"line":56,"column":0},"end":{"line":56,"column":24}},"7":{"start":{"line":57,"column":11},"end":{"line":57,"column":25}},"8":{"start":{"line":58,"column":19},"end":{"line":60,"column":1}},"9":{"start":{"line":61,"column":19},"end":{"line":63,"column":1}},"10":{"start":{"line":64,"column":32},"end":{"line":66,"column":28}},"11":{"start":{"line":67,"column":32},"end":{"line":69,"column":26}},"12":{"start":{"line":70,"column":19},"end":{"line":72,"column":1}},"13":{"start":{"line":73,"column":32},"end":{"line":75,"column":30}},"14":{"start":{"line":78,"column":39},"end":{"line":78,"column":86}},"15":{"start":{"line":79,"column":31},"end":{"line":79,"column":70}},"16":{"start":{"line":80,"column":34},"end":{"line":80,"column":76}},"17":{"start":{"line":81,"column":2},"end":{"line":104,"column":34}},"18":{"start":{"line":84,"column":6},"end":{"line":84,"column":68}},"19":{"start":{"line":91,"column":63},"end":{"line":91,"column":81}},"20":{"start":{"line":96,"column":63},"end":{"line":96,"column":85}},"21":{"start":{"line":105,"column":2},"end":{"line":105,"column":49}}},"fnMap":{"0":{"name":"render","decl":{"start":{"line":77,"column":9},"end":{"line":77,"column":15}},"loc":{"start":{"line":77,"column":30},"end":{"line":105,"column":1}},"line":77},"1":{"name":"(anonymous_1)","decl":{"start":{"line":83,"column":64},"end":{"line":83,"column":65}},"loc":{"start":{"line":83,"column":76},"end":{"line":85,"column":5}},"line":83},"2":{"name":"(anonymous_2)","decl":{"start":{"line":91,"column":53},"end":{"line":91,"column":54}},"loc":{"start":{"line":91,"column":63},"end":{"line":91,"column":81}},"line":91},"3":{"name":"(anonymous_3)","decl":{"start":{"line":96,"column":53},"end":{"line":96,"column":54}},"loc":{"start":{"line":96,"column":63},"end":{"line":96,"column":85}},"line":96}},"branchMap":{"0":{"loc":{"start":{"line":83,"column":14},"end":{"line":85,"column":20}},"type":"binary-expr","locations":[{"start":{"line":83,"column":14},"end":{"line":83,"column":23}},{"start":{"line":83,"column":28},"end":{"line":85,"column":19}}],"line":83},"1":{"loc":{"start":{"line":84,"column":13},"end":{"line":84,"column":67}},"type":"binary-expr","locations":[{"start":{"line":84,"column":13},"end":{"line":84,"column":31}},{"start":{"line":84,"column":35},"end":{"line":84,"column":67}}],"line":84},"2":{"loc":{"start":{"line":91,"column":27},"end":{"line":91,"column":82}},"type":"binary-expr","locations":[{"start":{"line":91,"column":27},"end":{"line":91,"column":36}},{"start":{"line":91,"column":41},"end":{"line":91,"column":81}}],"line":91},"3":{"loc":{"start":{"line":96,"column":27},"end":{"line":96,"column":86}},"type":"binary-expr","locations":[{"start":{"line":96,"column":27},"end":{"line":96,"column":36}},{"start":{"line":96,"column":41},"end":{"line":96,"column":85}}],"line":96}},"s":{"0":1,"1":1,"2":1,"3":1,"4":1,"5":1,"6":1,"7":1,"8":1,"9":1,"10":1,"11":1,"12":1,"13":1,"14":3,"15":3,"16":3,"17":3,"18":1,"19":1,"20":1,"21":1},"f":{"0":3,"1":1,"2":1,"3":1},"b":{"0":[3,1],"1":[1,1],"2":[3,1],"3":[3,1]},"inputSourceMap":{"0":"{","1":"\"","2":"v","3":"e","4":"r","5":"s","6":"i","7":"o","8":"n","9":"\"","10":":","11":"3","12":",","13":"\"","14":"s","15":"o","16":"u","17":"r","18":"c","19":"e","20":"s","21":"\"","22":":","23":"[","24":"\"","25":"/","26":"h","27":"o","28":"m","29":"e","30":"/","31":"j","32":"a","33":"m","34":"e","35":"s","36":"/","37":"D","38":"r","39":"o","40":"p","41":"b","42":"o","43":"x","44":"/","45":"v","46":"u","47":"e","48":"m","49":"a","50":"s","51":"t","52":"e","53":"r","54":"c","55":"l","56":"a","57":"s","58":"s","59":"/","60":"s","61":"r","62":"c","63":"/","64":"c","65":"o","66":"m","67":"p","68":"o","69":"n","70":"e","71":"n","72":"t","73":"s","74":"/","75":"J","76":"o","77":"b","78":"S","79":"e","80":"a","81":"r","82":"c","83":"h","84":"/","85":"J","86":"o","87":"b","88":"S","89":"e","90":"a","91":"r","92":"c","93":"h","94":"F","95":"o","96":"r","97":"m","98":".","99":"v","100":"u","101":"e","102":"\"","103":"]","104":",","105":"\"","106":"n","107":"a","108":"m","109":"e","110":"s","111":"\"","112":":","113":"[","114":"]","115":",","116":"\"","117":"m","118":"a","119":"p","120":"p","121":"i","122":"n","123":"g","124":"s","125":"\"","126":":","127":"\"","128":";","129":";","130":";","131":";","132":";","133":";","134":";","135":";","136":";","137":"A","138":"A","139":"s","140":"C","141":"A","142":";","143":"A","144":"A","145":"A","146":"A","147":";","148":"A","149":"A","150":"A","151":"A","152":";","153":"A","154":"A","155":"C","156":"A","157":";","158":"A","159":"A","160":"A","161":"A","162":";","163":"A","164":"A","165":"A","166":"A","167":";","168":"A","169":"A","170":"A","171":"0","172":"D","173":";","174":"A","175":"A","176":"A","177":"A","178":",","179":"e","180":"A","181":"E","182":"3","183":"C","184":";","185":"E","186":"A","187":"C","188":"b","189":",","190":"I","191":"A","192":"A","193":"I","194":",","195":"E","196":"A","197":"A","198":"E","199":",","200":"e","201":"A","202":"A","203":"e","204":";","205":"E","206":"A","207":"C","208":"r","209":"B","210":",","211":"U","212":"A","213":"A","214":"U","215":",","216":"E","217":"A","218":"A","219":"E","220":";","221":"I","222":"A","223":"C","224":"V","225":",","226":"Y","227":"A","228":"A","229":"Y","230":";","231":"I","232":"A","233":"A","234":"Z","235":";","236":"I","237":"A","238":"A","239":"A","240":";","241":"I","242":"A","243":"A","244":"A","245":";","246":"I","247":"A","248":"A","249":"A","250":",","251":"O","252":"A","253":"A","254":"Y","255":";","256":"I","257":"A","258":"C","259":"Z","260":",","261":"S","262":"A","263":"A","264":"S","265":";","266":"I","267":"A","268":"A","269":"T","270":";","271":"I","272":"A","273":"A","274":"A","275":";","276":"I","277":"A","278":"A","279":"A","280":";","281":"I","282":"A","283":"A","284":"A","285":";","286":"E","287":"A","288":"C","289":"F","290":",","291":"C","292":"A","293":"A","294":"C","295":";","296":"E","297":"A","298":"C","299":"D","300":",","301":"I","302":"A","303":"A","304":"I","305":",","306":"G","307":"A","308":"A","309":"G","310":";","311":"I","312":"A","313":"C","314":"L","315":",","316":"O","317":"A","318":"A","319":"O","320":";","321":"M","322":"A","323":"C","324":"L","325":",","326":"I","327":"A","328":"A","329":"I","330":",","331":"E","332":"A","333":"A","334":"E","335":",","336":"E","337":"A","338":"A","339":"E","340":";","341":"M","342":"A","343":"C","344":"R","345":",","346":"Q","347":"A","348":"A","349":"Q","350":",","351":"E","352":"A","353":"A","354":"E","355":";","356":"I","357":"A","358":"C","359":"Z","360":",","361":"C","362":"A","363":"A","364":"C","365":";","366":"E","367":"A","368":"C","369":"H","370":",","371":"C","372":"A","373":"A","374":"C","375":";","376":"E","377":"A","378":"C","379":"D","380":",","381":"O","382":"A","383":"A","384":"O","385":",","386":"E","387":"A","388":"A","389":"E","390":";","391":"I","392":"A","393":"C","394":"P","395":",","396":"a","397":"A","398":"A","399":"a","400":",","401":"G","402":"A","403":"A","404":"G","405":";","406":"M","407":"A","408":"C","409":"d","410":",","411":"I","412":"A","413":"A","414":"I","415":",","416":"C","417":"A","418":"A","419":"C","420":",","421":"O","422":"A","423":"A","424":"O","425":",","426":"C","427":"A","428":"A","429":"C","430":",","431":"I","432":"A","433":"A","434":"I","435":",","436":"C","437":"A","438":"A","439":"C","440":";","441":"Q","442":"A","443":"C","444":"h","445":"B","446":",","447":"I","448":"A","449":"A","450":"I","451":",","452":"E","453":"A","454":"A","455":"E","456":",","457":"Y","458":"A","459":"A","460":"Y","461":";","462":"Q","463":"A","464":"C","465":"l","466":"B","467":",","468":"K","469":"A","470":"A","471":"K","472":",","473":"E","474":"A","475":"A","476":"E","477":";","478":"U","479":"A","480":"A","481":"E","482":",","483":"I","484":"A","485":"A","486":"I","487":",","488":"E","489":"A","490":"A","491":"E","492":",","493":"I","494":"A","495":"A","496":"I","497":",","498":"C","499":"A","500":"A","501":"C","502":",","503":"I","504":"A","505":"A","506":"I","507":";","508":"U","509":"A","510":"A","511":"E","512":",","513":"Q","514":"A","515":"A","516":"Q","517":",","518":"E","519":"A","520":"A","521":"E","522":",","523":"I","524":"A","525":"A","526":"I","527":",","528":"C","529":"A","530":"A","531":"C","532":";","533":"Q","534":"A","535":"A","536":"S","537":";","538":"M","539":"A","540":"C","541":"p","542":"D","543":",","544":"C","545":"A","546":"A","547":"C","548":",","549":"C","550":"A","551":"A","552":"C","553":";","554":"I","555":"A","556":"C","557":"J","558":";","559":"E","560":"A","561":"C","562":"F","563":";","564":"A","565":"A","566":"C","567":"F","568":",","569":"C","570":"A","571":"A","572":"C","573":";","574":"A","575":"A","576":"A","577":"A","578":";","579":"A","580":"A","581":"A","582":"A","583":"\"","584":",","585":"\"","586":"f","587":"i","588":"l","589":"e","590":"\"","591":":","592":"\"","593":"/","594":"h","595":"o","596":"m","597":"e","598":"/","599":"j","600":"a","601":"m","602":"e","603":"s","604":"/","605":"D","606":"r","607":"o","608":"p","609":"b","610":"o","611":"x","612":"/","613":"v","614":"u","615":"e","616":"m","617":"a","618":"s","619":"t","620":"e","621":"r","622":"c","623":"l","624":"a","625":"s","626":"s","627":"/","628":"s","629":"r","630":"c","631":"/","632":"c","633":"o","634":"m","635":"p","636":"o","637":"n","638":"e","639":"n","640":"t","641":"s","642":"/","643":"J","644":"o","645":"b","646":"S","647":"e","648":"a","649":"r","650":"c","651":"h","652":"/","653":"J","654":"o","655":"b","656":"S","657":"e","658":"a","659":"r","660":"c","661":"h","662":"F","663":"o","664":"r","665":"m","666":".","667":"v","668":"u","669":"e","670":"\"","671":",","672":"\"","673":"s","674":"o","675":"u","676":"r","677":"c","678":"e","679":"s","680":"C","681":"o","682":"n","683":"t","684":"e","685":"n","686":"t","687":"\"","688":":","689":"[","690":"\"","691":"<","692":"t","693":"e","694":"m","695":"p","696":"l","697":"a","698":"t","699":"e","700":">","701":"\\","702":"n","703":" ","704":" ","705":"<","706":"f","707":"o","708":"r","709":"m","710":"\\","711":"n","712":" ","713":" ","714":" ","715":" ","716":"c","717":"l","718":"a","719":"s","720":"s","721":"=","722":"\\","723":"\"","724":"f","725":"l","726":"e","727":"x","728":" ","729":"i","730":"t","731":"e","732":"m","733":"s","734":"-","735":"c","736":"e","737":"n","738":"t","739":"e","740":"r","741":" ","742":"w","743":"-","744":"f","745":"u","746":"l","747":"l","748":" ","749":"h","750":"-","751":"1","752":"4","753":" ","754":"m","755":"t","756":"-","757":"1","758":"4","759":" ","760":"b","761":"o","762":"r","763":"d","764":"e","765":"r","766":" ","767":"b","768":"o","769":"r","770":"d","771":"e","772":"r","773":"-","774":"s","775":"o","776":"l","777":"i","778":"d","779":" ","780":"b","781":"o","782":"r","783":"d","784":"e","785":"r","786":"-","787":"b","788":"r","789":"a","790":"n","791":"d","792":"-","793":"g","794":"r","795":"a","796":"y","797":"-","798":"3","799":" ","800":"r","801":"o","802":"u","803":"n","804":"d","805":"e","806":"d","807":"-","808":"3","809":"x","810":"l","811":"\\","812":"\"","813":"\\","814":"n","815":" ","816":" ","817":" ","818":" ","819":"@","820":"s","821":"u","822":"b","823":"m","824":"i","825":"t","826":".","827":"p","828":"r","829":"e","830":"v","831":"e","832":"n","833":"t","834":"=","835":"\\","836":"\"","837":"s","838":"e","839":"a","840":"r","841":"c","842":"h","843":"F","844":"o","845":"r","846":"J","847":"o","848":"b","849":"s","850":"\\","851":"\"","852":"\\","853":"n","854":" ","855":" ","856":">","857":"\\","858":"n","859":" ","860":" ","861":" ","862":" ","863":"<","864":"f","865":"o","866":"n","867":"t","868":"-","869":"a","870":"w","871":"e","872":"s","873":"o","874":"m","875":"e","876":"-","877":"i","878":"c","879":"o","880":"n","881":" ","882":":","883":"i","884":"c","885":"o","886":"n","887":"=","888":"\\","889":"\"","890":"[","891":"'","892":"f","893":"a","894":"s","895":"'","896":",","897":" ","898":"'","899":"s","900":"e","901":"a","902":"r","903":"c","904":"h","905":"'","906":"]","907":"\\","908":"\"","909":" ","910":"c","911":"l","912":"a","913":"s","914":"s","915":"=","916":"\\","917":"\"","918":"m","919":"l","920":"-","921":"4","922":" ","923":"m","924":"r","925":"-","926":"3","927":"\\","928":"\"","929":" ","930":"/","931":">","932":"\\","933":"n","934":" ","935":" ","936":" ","937":" ","938":"<","939":"d","940":"i","941":"v","942":" ","943":"c","944":"l","945":"a","946":"s","947":"s","948":"=","949":"\\","950":"\"","951":"f","952":"l","953":"e","954":"x","955":" ","956":"f","957":"l","958":"e","959":"x","960":"-","961":"n","962":"o","963":"w","964":"r","965":"a","966":"p","967":" ","968":"f","969":"l","970":"e","971":"x","972":"-","973":"1","974":" ","975":"h","976":"-","977":"f","978":"u","979":"l","980":"l","981":" ","982":"t","983":"e","984":"x","985":"t","986":"-","987":"b","988":"a","989":"s","990":"e","991":" ","992":"f","993":"o","994":"n","995":"t","996":"-","997":"l","998":"i","999":"g","1000":"h","1001":"t","1002":"\\","1003":"\"","1004":">","1005":"\\","1006":"n","1007":" ","1008":" ","1009":" ","1010":" ","1011":" ","1012":" ","1013":"<","1014":"d","1015":"i","1016":"v","1017":" ","1018":"c","1019":"l","1020":"a","1021":"s","1022":"s","1023":"=","1024":"\\","1025":"\"","1026":"r","1027":"e","1028":"l","1029":"a","1030":"t","1031":"i","1032":"v","1033":"e","1034":" ","1035":"f","1036":"l","1037":"e","1038":"x","1039":" ","1040":"i","1041":"t","1042":"e","1043":"m","1044":"s","1045":"-","1046":"c","1047":"e","1048":"n","1049":"t","1050":"e","1051":"r","1052":" ","1053":"f","1054":"l","1055":"e","1056":"x","1057":"-","1058":"1","1059":" ","1060":"h","1061":"-","1062":"f","1063":"u","1064":"l","1065":"l","1066":" ","1067":"p","1068":"r","1069":"-","1070":"3","1071":"\\","1072":"\"","1073":">","1074":"\\","1075":"n","1076":" ","1077":" ","1078":" ","1079":" ","1080":" ","1081":" ","1082":" ","1083":" ","1084":"<","1085":"l","1086":"a","1087":"b","1088":"e","1089":"l","1090":" ","1091":"c","1092":"l","1093":"a","1094":"s","1095":"s","1096":"=","1097":"\\","1098":"\"","1099":"a","1100":"b","1101":"s","1102":"o","1103":"l","1104":"u","1105":"t","1106":"e","1107":" ","1108":"l","1109":"e","1110":"f","1111":"t","1112":"-","1113":"0","1114":" ","1115":"-","1116":"t","1117":"o","1118":"p","1119":"-","1120":"1","1121":"0","1122":"\\","1123":"\"","1124":">","1125":"R","1126":"o","1127":"l","1128":"e","1129":"<","1130":"/","1131":"l","1132":"a","1133":"b","1134":"e","1135":"l","1136":">","1137":"\\","1138":"n","1139":" ","1140":" ","1141":" ","1142":" ","1143":" ","1144":" ","1145":" ","1146":" ","1147":"<","1148":"T","1149":"e","1150":"x","1151":"t","1152":"I","1153":"n","1154":"p","1155":"u","1156":"t","1157":"\\","1158":"n","1159":" ","1160":" ","1161":" ","1162":" ","1163":" ","1164":" ","1165":" ","1166":" ","1167":" ","1168":" ","1169":"v","1170":"-","1171":"m","1172":"o","1173":"d","1174":"e","1175":"l","1176":"=","1177":"\\","1178":"\"","1179":"r","1180":"o","1181":"l","1182":"e","1183":"\\","1184":"\"","1185":"\\","1186":"n","1187":" ","1188":" ","1189":" ","1190":" ","1191":" ","1192":" ","1193":" ","1194":" ","1195":" ","1196":" ","1197":"p","1198":"l","1199":"a","1200":"c","1201":"e","1202":"h","1203":"o","1204":"l","1205":"d","1206":"e","1207":"r","1208":"=","1209":"\\","1210":"\"","1211":"S","1212":"o","1213":"f","1214":"t","1215":"w","1216":"a","1217":"r","1218":"e","1219":" ","1220":"e","1221":"n","1222":"g","1223":"i","1224":"n","1225":"e","1226":"e","1227":"r","1228":"\\","1229":"\"","1230":"\\","1231":"n","1232":" ","1233":" ","1234":" ","1235":" ","1236":" ","1237":" ","1238":" ","1239":" ","1240":" ","1241":" ","1242":"d","1243":"a","1244":"t","1245":"a","1246":"-","1247":"t","1248":"e","1249":"s","1250":"t","1251":"=","1252":"\\","1253":"\"","1254":"r","1255":"o","1256":"l","1257":"e","1258":"-","1259":"i","1260":"n","1261":"p","1262":"u","1263":"t","1264":"\\","1265":"\"","1266":"\\","1267":"n","1268":" ","1269":" ","1270":" ","1271":" ","1272":" ","1273":" ","1274":" ","1275":" ","1276":"/","1277":">","1278":"\\","1279":"n","1280":" ","1281":" ","1282":" ","1283":" ","1284":" ","1285":" ","1286":"<","1287":"/","1288":"d","1289":"i","1290":"v","1291":">","1292":"\\","1293":"n","1294":" ","1295":" ","1296":" ","1297":" ","1298":" ","1299":" ","1300":"<","1301":"s","1302":"p","1303":"a","1304":"n","1305":"\\","1306":"n","1307":" ","1308":" ","1309":" ","1310":" ","1311":" ","1312":" ","1313":" ","1314":" ","1315":"c","1316":"l","1317":"a","1318":"s","1319":"s","1320":"=","1321":"\\","1322":"\"","1323":"f","1324":"l","1325":"e","1326":"x","1327":" ","1328":"i","1329":"t","1330":"e","1331":"m","1332":"s","1333":"-","1334":"c","1335":"e","1336":"n","1337":"t","1338":"e","1339":"r","1340":" ","1341":"h","1342":"-","1343":"f","1344":"u","1345":"l","1346":"l","1347":" ","1348":"p","1349":"x","1350":"-","1351":"3","1352":" ","1353":"b","1354":"o","1355":"r","1356":"d","1357":"e","1358":"r","1359":"-","1360":"l","1361":" ","1362":"b","1363":"o","1364":"r","1365":"d","1366":"e","1367":"r","1368":"-","1369":"r","1370":" ","1371":"b","1372":"o","1373":"r","1374":"d","1375":"e","1376":"r","1377":"-","1378":"b","1379":"r","1380":"a","1381":"n","1382":"d","1383":"-","1384":"g","1385":"r","1386":"a","1387":"y","1388":"-","1389":"3","1390":" ","1391":"b","1392":"g","1393":"-","1394":"b","1395":"r","1396":"a","1397":"n","1398":"d","1399":"-","1400":"g","1401":"r","1402":"a","1403":"y","1404":"-","1405":"2","1406":"\\","1407":"\"","1408":"\\","1409":"n","1410":" ","1411":" ","1412":" ","1413":" ","1414":" ","1415":" ","1416":" ","1417":" ","1418":">","1419":"i","1420":"n","1421":"<","1422":"/","1423":"s","1424":"p","1425":"a","1426":"n","1427":"\\","1428":"n","1429":" ","1430":" ","1431":" ","1432":" ","1433":" ","1434":" ","1435":">","1436":"\\","1437":"n","1438":" ","1439":" ","1440":" ","1441":" ","1442":" ","1443":" ","1444":"<","1445":"d","1446":"i","1447":"v","1448":" ","1449":"c","1450":"l","1451":"a","1452":"s","1453":"s","1454":"=","1455":"\\","1456":"\"","1457":"r","1458":"e","1459":"l","1460":"a","1461":"t","1462":"i","1463":"v","1464":"e","1465":" ","1466":"f","1467":"l","1468":"e","1469":"x","1470":" ","1471":"i","1472":"t","1473":"e","1474":"m","1475":"s","1476":"-","1477":"c","1478":"e","1479":"n","1480":"t","1481":"e","1482":"r","1483":" ","1484":"f","1485":"l","1486":"e","1487":"x","1488":"-","1489":"1","1490":" ","1491":"h","1492":"-","1493":"f","1494":"u","1495":"l","1496":"l","1497":" ","1498":"p","1499":"l","1500":"-","1501":"3","1502":"\\","1503":"\"","1504":">","1505":"\\","1506":"n","1507":" ","1508":" ","1509":" ","1510":" ","1511":" ","1512":" ","1513":" ","1514":" ","1515":"<","1516":"l","1517":"a","1518":"b","1519":"e","1520":"l","1521":" ","1522":"c","1523":"l","1524":"a","1525":"s","1526":"s","1527":"=","1528":"\\","1529":"\"","1530":"a","1531":"b","1532":"s","1533":"o","1534":"l","1535":"u","1536":"t","1537":"e","1538":" ","1539":"l","1540":"e","1541":"f","1542":"t","1543":"-","1544":"0","1545":" ","1546":"-","1547":"t","1548":"o","1549":"p","1550":"-","1551":"1","1552":"0","1553":"\\","1554":"\"","1555":">","1556":"W","1557":"h","1558":"e","1559":"r","1560":"e","1561":"?","1562":"<","1563":"/","1564":"l","1565":"a","1566":"b","1567":"e","1568":"l","1569":">","1570":"\\","1571":"n","1572":" ","1573":" ","1574":" ","1575":" ","1576":" ","1577":" ","1578":" ","1579":" ","1580":"<","1581":"T","1582":"e","1583":"x","1584":"t","1585":"I","1586":"n","1587":"p","1588":"u","1589":"t","1590":"\\","1591":"n","1592":" ","1593":" ","1594":" ","1595":" ","1596":" ","1597":" ","1598":" ","1599":" ","1600":" ","1601":" ","1602":"v","1603":"-","1604":"m","1605":"o","1606":"d","1607":"e","1608":"l","1609":"=","1610":"\\","1611":"\"","1612":"l","1613":"o","1614":"c","1615":"a","1616":"t","1617":"i","1618":"o","1619":"n","1620":"\\","1621":"\"","1622":"\\","1623":"n","1624":" ","1625":" ","1626":" ","1627":" ","1628":" ","1629":" ","1630":" ","1631":" ","1632":" ","1633":" ","1634":"p","1635":"l","1636":"a","1637":"c","1638":"e","1639":"h","1640":"o","1641":"l","1642":"d","1643":"e","1644":"r","1645":"=","1646":"\\","1647":"\"","1648":"L","1649":"o","1650":"s","1651":" ","1652":"A","1653":"n","1654":"g","1655":"e","1656":"l","1657":"e","1658":"s","1659":"\\","1660":"\"","1661":"\\","1662":"n","1663":" ","1664":" ","1665":" ","1666":" ","1667":" ","1668":" ","1669":" ","1670":" ","1671":" ","1672":" ","1673":"d","1674":"a","1675":"t","1676":"a","1677":"-","1678":"t","1679":"e","1680":"s","1681":"t","1682":"=","1683":"\\","1684":"\"","1685":"l","1686":"o","1687":"c","1688":"a","1689":"t","1690":"i","1691":"o","1692":"n","1693":"-","1694":"i","1695":"n","1696":"p","1697":"u","1698":"t","1699":"\\","1700":"\"","1701":"\\","1702":"n","1703":" ","1704":" ","1705":" ","1706":" ","1707":" ","1708":" ","1709":" ","1710":" ","1711":"/","1712":">","1713":"\\","1714":"n","1715":" ","1716":" ","1717":" ","1718":" ","1719":" ","1720":" ","1721":"<","1722":"/","1723":"d","1724":"i","1725":"v","1726":">","1727":"\\","1728":"n","1729":" ","1730":" ","1731":" ","1732":" ","1733":" ","1734":" ","1735":"<","1736":"A","1737":"c","1738":"t","1739":"i","1740":"o","1741":"n","1742":"B","1743":"u","1744":"t","1745":"t","1746":"o","1747":"n","1748":"\\","1749":"n","1750":" ","1751":" ","1752":" ","1753":" ","1754":" ","1755":" ","1756":" ","1757":" ","1758":"t","1759":"e","1760":"x","1761":"t","1762":"=","1763":"\\","1764":"\"","1765":"S","1766":"e","1767":"a","1768":"r","1769":"c","1770":"h","1771":"\\","1772":"\"","1773":"\\","1774":"n","1775":" ","1776":" ","1777":" ","1778":" ","1779":" ","1780":" ","1781":" ","1782":" ","1783":"t","1784":"y","1785":"p","1786":"e","1787":"=","1788":"\\","1789":"\"","1790":"s","1791":"e","1792":"c","1793":"o","1794":"n","1795":"d","1796":"a","1797":"r","1798":"y","1799":"\\","1800":"\"","1801":"\\","1802":"n","1803":" ","1804":" ","1805":" ","1806":" ","1807":" ","1808":" ","1809":" ","1810":" ","1811":"c","1812":"l","1813":"a","1814":"s","1815":"s","1816":"=","1817":"\\","1818":"\"","1819":"r","1820":"o","1821":"u","1822":"n","1823":"d","1824":"e","1825":"d","1826":"-","1827":"r","1828":"-","1829":"3","1830":"x","1831":"l","1832":"\\","1833":"\"","1834":"\\","1835":"n","1836":" ","1837":" ","1838":" ","1839":" ","1840":" ","1841":" ","1842":" ","1843":" ","1844":"d","1845":"a","1846":"t","1847":"a","1848":"-","1849":"t","1850":"e","1851":"s","1852":"t","1853":"=","1854":"\\","1855":"\"","1856":"f","1857":"o","1858":"r","1859":"m","1860":"-","1861":"s","1862":"u","1863":"b","1864":"m","1865":"i","1866":"t","1867":"-","1868":"b","1869":"u","1870":"t","1871":"t","1872":"o","1873":"n","1874":"\\","1875":"\"","1876":"\\","1877":"n","1878":" ","1879":" ","1880":" ","1881":" ","1882":" ","1883":" ","1884":"/","1885":">","1886":"\\","1887":"n","1888":" ","1889":" ","1890":" ","1891":" ","1892":"<","1893":"/","1894":"d","1895":"i","1896":"v","1897":">","1898":"\\","1899":"n","1900":" ","1901":" ","1902":"<","1903":"/","1904":"f","1905":"o","1906":"r","1907":"m","1908":">","1909":"\\","1910":"n","1911":"<","1912":"/","1913":"t","1914":"e","1915":"m","1916":"p","1917":"l","1918":"a","1919":"t","1920":"e","1921":">","1922":"\\","1923":"n","1924":"\\","1925":"n","1926":"<","1927":"s","1928":"c","1929":"r","1930":"i","1931":"p","1932":"t","1933":">","1934":"\\","1935":"n","1936":"i","1937":"m","1938":"p","1939":"o","1940":"r","1941":"t","1942":" ","1943":"A","1944":"c","1945":"t","1946":"i","1947":"o","1948":"n","1949":"B","1950":"u","1951":"t","1952":"t","1953":"o","1954":"n","1955":" ","1956":"f","1957":"r","1958":"o","1959":"m","1960":" ","1961":"\\","1962":"\"","1963":"@","1964":"/","1965":"c","1966":"o","1967":"m","1968":"p","1969":"o","1970":"n","1971":"e","1972":"n","1973":"t","1974":"s","1975":"/","1976":"S","1977":"h","1978":"a","1979":"r","1980":"e","1981":"d","1982":"/","1983":"A","1984":"c","1985":"t","1986":"i","1987":"o","1988":"n","1989":"B","1990":"u","1991":"t","1992":"t","1993":"o","1994":"n","1995":".","1996":"v","1997":"u","1998":"e","1999":"\\","2000":"\"","2001":";","2002":"\\","2003":"n","2004":"i","2005":"m","2006":"p","2007":"o","2008":"r","2009":"t","2010":" ","2011":"T","2012":"e","2013":"x","2014":"t","2015":"I","2016":"n","2017":"p","2018":"u","2019":"t","2020":" ","2021":"f","2022":"r","2023":"o","2024":"m","2025":" ","2026":"\\","2027":"\"","2028":"@","2029":"/","2030":"c","2031":"o","2032":"m","2033":"p","2034":"o","2035":"n","2036":"e","2037":"n","2038":"t","2039":"s","2040":"/","2041":"S","2042":"h","2043":"a","2044":"r","2045":"e","2046":"d","2047":"/","2048":"T","2049":"e","2050":"x","2051":"t","2052":"I","2053":"n","2054":"p","2055":"u","2056":"t","2057":".","2058":"v","2059":"u","2060":"e","2061":"\\","2062":"\"","2063":";","2064":"\\","2065":"n","2066":"\\","2067":"n","2068":"e","2069":"x","2070":"p","2071":"o","2072":"r","2073":"t","2074":" ","2075":"d","2076":"e","2077":"f","2078":"a","2079":"u","2080":"l","2081":"t","2082":" ","2083":"{","2084":"\\","2085":"n","2086":" ","2087":" ","2088":"n","2089":"a","2090":"m","2091":"e","2092":":","2093":" ","2094":"\\","2095":"\"","2096":"J","2097":"o","2098":"b","2099":"S","2100":"e","2101":"a","2102":"r","2103":"c","2104":"h","2105":"F","2106":"o","2107":"r","2108":"m","2109":"\\","2110":"\"","2111":",","2112":"\\","2113":"n","2114":" ","2115":" ","2116":"c","2117":"o","2118":"m","2119":"p","2120":"o","2121":"n","2122":"e","2123":"n","2124":"t","2125":"s","2126":":","2127":" ","2128":"{","2129":"\\","2130":"n","2131":" ","2132":" ","2133":" ","2134":" ","2135":"A","2136":"c","2137":"t","2138":"i","2139":"o","2140":"n","2141":"B","2142":"u","2143":"t","2144":"t","2145":"o","2146":"n","2147":",","2148":"\\","2149":"n","2150":" ","2151":" ","2152":" ","2153":" ","2154":"T","2155":"e","2156":"x","2157":"t","2158":"I","2159":"n","2160":"p","2161":"u","2162":"t","2163":",","2164":"\\","2165":"n","2166":" ","2167":" ","2168":"}","2169":",","2170":"\\","2171":"n","2172":" ","2173":" ","2174":"d","2175":"a","2176":"t","2177":"a","2178":"(","2179":")","2180":" ","2181":"{","2182":"\\","2183":"n","2184":" ","2185":" ","2186":" ","2187":" ","2188":"r","2189":"e","2190":"t","2191":"u","2192":"r","2193":"n","2194":" ","2195":"{","2196":"\\","2197":"n","2198":" ","2199":" ","2200":" ","2201":" ","2202":" ","2203":" ","2204":"r","2205":"o","2206":"l","2207":"e","2208":":","2209":" ","2210":"\\","2211":"\"","2212":"\\","2213":"\"","2214":",","2215":"\\","2216":"n","2217":" ","2218":" ","2219":" ","2220":" ","2221":" ","2222":" ","2223":"l","2224":"o","2225":"c","2226":"a","2227":"t","2228":"i","2229":"o","2230":"n","2231":":","2232":" ","2233":"\\","2234":"\"","2235":"\\","2236":"\"","2237":",","2238":"\\","2239":"n","2240":" ","2241":" ","2242":" ","2243":" ","2244":"}","2245":";","2246":"\\","2247":"n","2248":" ","2249":" ","2250":"}","2251":",","2252":"\\","2253":"n","2254":" ","2255":" ","2256":"m","2257":"e","2258":"t","2259":"h","2260":"o","2261":"d","2262":"s","2263":":","2264":" ","2265":"{","2266":"\\","2267":"n","2268":" ","2269":" ","2270":" ","2271":" ","2272":"s","2273":"e","2274":"a","2275":"r","2276":"c","2277":"h","2278":"F","2279":"o","2280":"r","2281":"J","2282":"o","2283":"b","2284":"s","2285":"(","2286":")","2287":" ","2288":"{","2289":"\\","2290":"n","2291":" ","2292":" ","2293":" ","2294":" ","2295":" ","2296":" ","2297":"t","2298":"h","2299":"i","2300":"s","2301":".","2302":"$","2303":"r","2304":"o","2305":"u","2306":"t","2307":"e","2308":"r","2309":".","2310":"p","2311":"u","2312":"s","2313":"h","2314":"(","2315":"{","2316":"\\","2317":"n","2318":" ","2319":" ","2320":" ","2321":" ","2322":" ","2323":" ","2324":" ","2325":" ","2326":"n","2327":"a","2328":"m","2329":"e","2330":":","2331":" ","2332":"\\","2333":"\"","2334":"J","2335":"o","2336":"b","2337":"R","2338":"e","2339":"s","2340":"u","2341":"l","2342":"t","2343":"s","2344":"\\","2345":"\"","2346":",","2347":"\\","2348":"n","2349":" ","2350":" ","2351":" ","2352":" ","2353":" ","2354":" ","2355":" ","2356":" ","2357":"q","2358":"u","2359":"e","2360":"r","2361":"y","2362":":","2363":" ","2364":"{","2365":" ","2366":"r","2367":"o","2368":"l","2369":"e","2370":":","2371":" ","2372":"t","2373":"h","2374":"i","2375":"s","2376":".","2377":"r","2378":"o","2379":"l","2380":"e","2381":",","2382":" ","2383":"l","2384":"o","2385":"c","2386":"a","2387":"t","2388":"i","2389":"o","2390":"n","2391":":","2392":" ","2393":"t","2394":"h","2395":"i","2396":"s","2397":".","2398":"l","2399":"o","2400":"c","2401":"a","2402":"t","2403":"i","2404":"o","2405":"n","2406":" ","2407":"}","2408":",","2409":"\\","2410":"n","2411":" ","2412":" ","2413":" ","2414":" ","2415":" ","2416":" ","2417":"}","2418":")","2419":";","2420":"\\","2421":"n","2422":" ","2423":" ","2424":" ","2425":" ","2426":"}","2427":",","2428":"\\","2429":"n","2430":" ","2431":" ","2432":"}","2433":",","2434":"\\","2435":"n","2436":"}","2437":";","2438":"\\","2439":"n","2440":"<","2441":"/","2442":"s","2443":"c","2444":"r","2445":"i","2446":"p","2447":"t","2448":">","2449":"\\","2450":"n","2451":"\"","2452":"]","2453":"}"},"_coverageSchema":"1a1c01bbd47fc00a2c39e90264f33305004495a9","hash":"99b4a4e1e96516b5275093d23ff1d384ed2c1e12"}
[...]
"d","962":"e","963":"s","964":"(","965":"v","966":"a","967":"l","968":"u","969":"e","970":")","971":";","972":"\\","973":"n","974":" ","975":" ","976":" ","977":" ","978":" ","979":" ","980":"}","981":",","982":"\\","983":"n","984":" ","985":" ","986":" ","987":" ","988":"}","989":",","990":"\\","991":"n","992":" ","993":" ","994":"}","995":",","996":"\\","997":"n","998":" ","999":" ","1000":"c","1001":"o","1002":"m","1003":"p","1004":"u","1005":"t","1006":"e","1007":"d","1008":":","1009":" ","1010":"{","1011":"\\","1012":"n","1013":" ","1014":" ","1015":" ","1016":" ","1017":"b","1018":"u","1019":"t","1020":"t","1021":"o","1022":"n","1023":"C","1024":"l","1025":"a","1026":"s","1027":"s","1028":"(","1029":")","1030":" ","1031":"{","1032":"\\","1033":"n","1034":" ","1035":" ","1036":" ","1037":" ","1038":" ","1039":" ","1040":"r","1041":"e","1042":"t","1043":"u","1044":"r","1045":"n","1046":" ","1047":"{","1048":"\\","1049":"n","1050":" ","1051":" ","1052":" ","1053":" ","1054":" ","1055":" ","1056":" ","1057":" ","1058":"[","1059":"t","1060":"h","1061":"i","1062":"s","1063":".","1064":"t","1065":"y","1066":"p","1067":"e","1068":"]","1069":":","1070":" ","1071":"t","1072":"r","1073":"u","1074":"e","1075":",","1076":"\\","1077":"n","1078":" ","1079":" ","1080":" ","1081":" ","1082":" ","1083":" ","1084":"}","1085":";","1086":"\\","1087":"n","1088":" ","1089":" ","1090":" ","1091":" ","1092":"}","1093":",","1094":"\\","1095":"n","1096":" ","1097":" ","1098":"}","1099":",","1100":"\\","1101":"n","1102":"}","1103":";","1104":"\\","1105":"n","1106":"<","1107":"/","1108":"s","1109":"c","1110":"r","1111":"i","1112":"p","1113":"t","1114":">","1115":"\\","1116":"n","1117":"\\","1118":"n","1119":"<","1120":"s","1121":"t","1122":"y","1123":"l","1124":"e","1125":" ","1126":"s","1127":"c","1128":"o","1129":"p","1130":"e","1131":"d","1132":">","1133":"\\","1134":"n","1135":"b","1136":"u","1137":"t","1138":"t","1139":"o","1140":"n","1141":" ","1142":"{","1143":"\\","1144":"n","1145":" ","1146":" ","1147":"@","1148":"a","1149":"p","1150":"p","1151":"l","1152":"y","1153":" ","1154":"p","1155":"x","1156":"-","1157":"5","1158":" ","1159":"p","1160":"y","1161":"-","1162":"3","1163":" ","1164":"f","1165":"o","1166":"n","1167":"t","1168":"-","1169":"m","1170":"e","1171":"d","1172":"i","1173":"u","1174":"m","1175":";","1176":"\\","1177":"n","1178":"}","1179":"\\","1180":"n","1181":".","1182":"p","1183":"r","1184":"i","1185":"m","1186":"a","1187":"r","1188":"y","1189":" ","1190":"{","1191":"\\","1192":"n","1193":" ","1194":" ","1195":"@","1196":"a","1197":"p","1198":"p","1199":"l","1200":"y","1201":" ","1202":"r","1203":"o","1204":"u","1205":"n","1206":"d","1207":"e","1208":"d","1209":" ","1210":"t","1211":"e","1212":"x","1213":"t","1214":"-","1215":"w","1216":"h","1217":"i","1218":"t","1219":"e","1220":" ","1221":"b","1222":"g","1223":"-","1224":"b","1225":"r","1226":"a","1227":"n","1228":"d","1229":"-","1230":"b","1231":"l","1232":"u","1233":"e","1234":"-","1235":"1","1236":" ","1237":"h","1238":"o","1239":"v","1240":"e","1241":"r","1242":":","1243":"s","1244":"h","1245":"a","1246":"d","1247":"o","1248":"w","1249":"-","1250":"b","1251":"l","1252":"u","1253":"e","1254":";","1255":"\\","1256":"n","1257":"}","1258":"\\","1259":"n","1260":".","1261":"s","1262":"e","1263":"c","1264":"o","1265":"n","1266":"d","1267":"a","1268":"r","1269":"y","1270":" ","1271":"{","1272":"\\","1273":"n","1274":" ","1275":" ","1276":"@","1277":"a","1278":"p","1279":"p","1280":"l","1281":"y","1282":" ","1283":"t","1284":"e","1285":"x","1286":"t","1287":"-","1288":"b","1289":"r","1290":"a","1291":"n","1292":"d","1293":"-","1294":"b","1295":"l","1296":"u","1297":"e","1298":"-","1299":"1","1300":" ","1301":"b","1302":"g","1303":"-","1304":"t","1305":"r","1306":"a","1307":"n","1308":"s","1309":"p","1310":"a","1311":"r","1312":"e","1313":"n","1314":"t","1315":" ","1316":"h","1317":"o","1318":"v","1319":"e","1320":"r","1321":":","1322":"b","1323":"g","1324":"-","1325":"b","1326":"r","1327":"a","1328":"n","1329":"d","1330":"-","1331":"b","1332":"l","1333":"u","1334":"e","1335":"-","1336":"2","1337":" ","1338":"h","1339":"o","1340":"v","1341":"e","1342":"r","1343":":","1344":"t","1345":"e","1346":"x","1347":"t","1348":"-","1349":"w","1350":"h","1351":"i","1352":"t","1353":"e","1354":";","1355":"\\","1356":"n","1357":"}","1358":"\\","1359":"n","1360":"<","1361":"/","1362":"s","1363":"t","1364":"y","1365":"l","1366":"e","1367":">","1368":"\\","1369":"n","1370":"\"","1371":"]","1372":"}"},"_coverageSchema":"1a1c01bbd47fc00a2c39e90264f33305004495a9","hash":"16a79bd652e5a6a1c6108aa3a63244bab213919a"}
,"/home/james/Dropbox/vuemasterclass/src/components/Shared/TextInput.vue": {"path":"/home/james/Dropbox/vuemasterclass/src/components/Shared/TextInput.vue","statementMap":{"0":{"start":{"line":4,"column":0},"end":{"line":6,"column":3}},"1":{"start":{"line":7,"column":0},"end":{"line":7,"column":25}},"2":{"start":{"line":8,"column":15},"end":{"line":27,"column":1}},"3":{"start":{"line":24,"column":6},"end":{"line":24,"column":59}},"4":{"start":{"line":30,"column":0},"end":{"line":30,"column":13}},"5":{"start":{"line":32,"column":0},"end":{"line":34,"column":3}},"6":{"start":{"line":35,"column":0},"end":{"line":35,"column":24}},"7":{"start":{"line":36,"column":11},"end":{"line":36,"column":25}},"8":{"start":{"line":37,"column":19},"end":{"line":37,"column":43}},"9":{"start":{"line":39,"column":2},"end":{"line":47,"column":55}},"10":{"start":{"line":45,"column":6},"end":{"line":45,"column":64}},"11":{"start":{"line":48,"column":2},"end":{"line":48,"column":49}}},"fnMap":{"0":{"name":"(anonymous_0)","decl":{"start":{"line":23,"column":4},"end":{"line":23,"column":5}},"loc":{"start":{"line":23,"column":24},"end":{"line":25,"column":5}},"line":23},"1":{"name":"render","decl":{"start":{"line":38,"column":9},"end":{"line":38,"column":15}},"loc":{"start":{"line":38,"column":30},"end":{"line":48,"column":1}},"line":38},"2":{"name":"(anonymous_2)","decl":{"start":{"line":44,"column":39},"end":{"line":44,"column":40}},"loc":{"start":{"line":44,"column":51},"end":{"line":46,"column":5}},"line":44}},"branchMap":{"0":{"loc":{"start":{"line":44,"column":13},"end":{"line":46,"column":6}},"type":"binary-expr","locations":[{"start":{"line":44,"column":13},"end":{"line":44,"column":22}},{"start":{"line":44,"column":27},"end":{"line":46,"column":5}}],"line":44},"1":{"loc":{"start":{"line":45,"column":13},"end":{"line":45,"column":63}},"type":"binary-expr","locations":[{"start":{"line":45,"column":13},"end":{"line":45,"column":29}},{"start":{"line":45,"column":33},"end":{"line":45,"column":63}}],"line":45}},"s":{"0":2,"1":2,"2":2,"3":5,"4":2,"5":2,"6":2,"7":2,"8":2,"9":5,"10":5,"11":2},"f":{"0":5,"1":5,"2":5},"b":{"0":[5,3],"1":[5,5]},"inputSourceMap":{"0":"{","1":"\"","2":"v","3":"e","4":"r","5":"s","6":"i","7":"o","8":"n","9":"\"","10":":","11":"3","12":",","13":"\"","14":"s","15":"o","16":"u","17":"r","18":"c","19":"e","20":"s","21":"\"","22":":","23":"[","24":"\"","25":"/","26":"h","27":"o","28":"m","29":"e","30":"/","31":"j","32":"a","33":"m","34":"e","35":"s","36":"/","37":"D","38":"r","39":"o","40":"p","41":"b","42":"o","43":"x","44":"/","45":"v","46":"u","47":"e","48":"m","49":"a","50":"s","51":"t","52":"e","53":"r","54":"c","55":"l","56":"a","57":"s","58":"s","59":"/","60":"s","61":"r","62":"c","63":"/","64":"c","65":"o","66":"m","67":"p","68":"o","69":"n","70":"e","71":"n","72":"t","73":"s","74":"/","75":"S","76":"h","77":"a","78":"r","79":"e","80":"d","81":"/","82":"T","83":"e","84":"x","85":"t","86":"I","87":"n","88":"p","89":"u","90":"t","91":".","92":"v","93":"u","94":"e","95":"\"","96":"]","97":",","98":"\"","99":"n","100":"a","101":"m","102":"e","103":"s","104":"\"","105":":","106":"[","107":"]","108":",","109":"\"","110":"m","111":"a","112":"p","113":"p","114":"i","115":"n","116":"g","117":"s","118":"\"","119":":","120":"\"","121":";","122":";","123":";","124":";","125":";","126":";","127":";","128":"e","129":"A","130":"W","131":"e","132":";","133":"E","134":"A","135":"C","136":"b","137":",","138":"I","139":"A","140":"A","141":"I","142":",","143":"E","144":"A","145":"A","146":"E","147":",","148":"W","149":"A","150":"A","151":"W","152":";","153":"E","154":"A","155":"C","156":"j","157":"B","158":",","159":"K","160":"A","161":"A","162":"K","163":",","164":"E","165":"A","166":"A","167":"E","168":";","169":"I","170":"A","171":"C","172":"L","173":",","174":"W","175":"A","176":"A","177":"W","178":",","179":"E","180":"A","181":"A","182":"E","183":";","184":"M","185":"A","186":"C","187":"X","188":",","189":"I","190":"A","191":"A","192":"I","193":",","194":"E","195":"A","196":"A","197":"E","198":",","199":"M","200":"A","201":"A","202":"M","203":";","204":"M","205":"A","206":"C","207":"Z","208":",","209":"Q","210":"A","211":"A","212":"Q","213":",","214":"E","215":"A","216":"A","217":"E","218":",","219":"K","220":"A","221":"A","222":"K","223":";","224":"M","225":"A","226":"C","227":"f","228":",","229":"O","230":"A","231":"A","232":"O","233":",","234":"E","235":"A","236":"A","237":"E","238":";","239":"I","240":"A","241":"C","242":"X","243":",","244":"C","245":"A","246":"A","247":"C","248":";","249":"I","250":"A","251":"C","252":"D","253":",","254":"U","255":"A","256":"A","257":"U","258":",","259":"E","260":"A","261":"A","262":"E","263":";","264":"M","265":"A","266":"C","267":"V","268":",","269":"I","270":"A","271":"A","272":"I","273":",","274":"E","275":"A","276":"A","277":"E","278":",","279":"M","280":"A","281":"A","282":"M","283":";","284":"M","285":"A","286":"C","287":"Z","288":",","289":"Q","290":"A","291":"A","292":"Q","293":",","294":"E","295":"A","296":"A","297":"E","298":";","299":"I","300":"A","301":"C","302":"Z","303":";","304":"E","305":"A","306":"C","307":"F","308":",","309":"C","310":"A","311":"A","312":"C","313":";","314":"E","315":"A","316":"C","317":"D","318":",","319":"K","320":"A","321":"A","322":"K","323":",","324":"E","325":"A","326":"A","327":"E","328":",","329":"C","330":"A","331":"A","332":"C","333":",","334":"m","335":"B","336":"A","337":"A","338":"m","339":"B","340":",","341":"C","342":"A","343":"A","344":"C","345":";","346":"E","347":"A","348":"C","349":"5","350":"B","351":",","352":"O","353":"A","354":"A","355":"O","356":",","357":"E","358":"A","359":"A","360":"E","361":";","362":"I","363":"A","364":"C","365":"P","366":",","367":"W","368":"A","369":"A","370":"W","371":",","372":"C","373":"A","374":"A","375":"C","376":",","377":"M","378":"A","379":"A","380":"M","381":",","382":"E","383":"A","384":"A","385":"E","386":";","387":"M","388":"A","389":"C","390":"l","391":"B","392":",","393":"I","394":"A","395":"A","396":"I","397":",","398":"C","399":"A","400":"A","401":"C","402":",","403":"K","404":"A","405":"A","406":"K","407":",","408":"C","409":"A","410":"A","411":"C","412":",","413":"m","414":"B","415":"A","416":"A","417":"m","418":"B","419":",","420":"E","421":"A","422":"A","423":"E","424":",","425":"M","426":"A","427":"A","428":"M","429":",","430":"C","431":"A","432":"A","433":"C","434":",","435":"M","436":"A","437":"A","438":"M","439":",","440":"C","441":"A","442":"A","443":"C","444":",","445":"K","446":"A","447":"A","448":"K","449":",","450":"C","451":"A","452":"A","453":"C","454":";","455":"I","456":"A","457":"C","458":"t","459":"D","460":";","461":"E","462":"A","463":"C","464":"F","465":";","466":"A","467":"A","468":"C","469":"F","470":",","471":"C","472":"A","473":"A","474":"C","475":";","476":"A","477":"A","478":"A","479":"A","480":";","481":"A","482":"A","483":"A","484":"A","485":"\"","486":",","487":"\"","488":"f","489":"i","490":"l","491":"e","492":"\"","493":":","494":"\"","495":"/","496":"h","497":"o","498":"m","499":"e","500":"/","501":"j","502":"a","503":"m","504":"e","505":"s","506":"/","507":"D","508":"r","509":"o","510":"p","511":"b","512":"o","513":"x","514":"/","515":"v","516":"u","517":"e","518":"m","519":"a","520":"s","521":"t","522":"e","523":"r","524":"c","525":"l","526":"a","527":"s","528":"s","529":"/","530":"s","531":"r","532":"c","533":"/","534":"c","535":"o","536":"m","537":"p","538":"o","539":"n","540":"e","541":"n","542":"t","543":"s","544":"/","545":"S","546":"h","547":"a","548":"r","549":"e","550":"d","551":"/","552":"T","553":"e","554":"x","555":"t","556":"I","557":"n","558":"p","559":"u","560":"t","561":".","562":"v","563":"u","564":"e","565":"\"","566":",","567":"\"","568":"s","569":"o","570":"u","571":"r","572":"c","573":"e","574":"s","575":"C","576":"o","577":"n","578":"t","579":"e","580":"n","581":"t","582":"\"","583":":","584":"[","585":"\"","586":"<","587":"t","588":"e","589":"m","590":"p","591":"l","592":"a","593":"t","594":"e","595":">","596":"\\","597":"n","598":" ","599":" ","600":"<","601":"i","602":"n","603":"p","604":"u","605":"t","606":"\\","607":"n","608":" ","609":" ","610":" ","611":" ","612":":","613":"v","614":"a","615":"l","616":"u","617":"e","618":"=","619":"\\","620":"\"","621":"m","622":"o","623":"d","624":"e","625":"l","626":"V","627":"a","628":"l","629":"u","630":"e","631":"\\","632":"\"","633":"\\","634":"n","635":" ","636":" ","637":" ","638":" ","639":":","640":"p","641":"l","642":"a","643":"c","644":"e","645":"h","646":"o","647":"l","648":"d","649":"e","650":"r","651":"=","652":"\\","653":"\"","654":"p","655":"l","656":"a","657":"c","658":"e","659":"h","660":"o","661":"l","662":"d","663":"e","664":"r","665":"\\","666":"\"","667":"\\","668":"n","669":" ","670":" ","671":" ","672":" ","673":"t","674":"y","675":"p","676":"e","677":"=","678":"\\","679":"\"","680":"t","681":"e","682":"x","683":"t","684":"\\","685":"\"","686":"\\","687":"n","688":" ","689":" ","690":" ","691":" ","692":"c","693":"l","694":"a","695":"s","696":"s","697":"=","698":"\\","699":"\"","700":"w","701":"-","702":"f","703":"u","704":"l","705":"l","706":" ","707":"t","708":"e","709":"x","710":"t","711":"-","712":"l","713":"g","714":" ","715":"f","716":"o","717":"n","718":"t","719":"-","720":"n","721":"o","722":"r","723":"m","724":"a","725":"l","726":" ","727":"f","728":"o","729":"c","730":"u","731":"s","732":":","733":"o","734":"u","735":"t","736":"l","737":"i","738":"n","739":"e","740":"-","741":"n","742":"o","743":"n","744":"e","745":"\\","746":"\"","747":"\\","748":"n","749":" ","750":" ","751":" ","752":" ","753":"@","754":"i","755":"n","756":"p","757":"u","758":"t","759":"=","760":"\\","761":"\"","762":"h","763":"a","764":"n","765":"d","766":"l","767":"e","768":"I","769":"n","770":"p","771":"u","772":"t","773":"\\","774":"\"","775":"\\","776":"n","777":" ","778":" ","779":"/","780":">","781":"\\","782":"n","783":"<","784":"/","785":"t","786":"e","787":"m","788":"p","789":"l","790":"a","791":"t","792":"e","793":">","794":"\\","795":"n","796":"\\","797":"n","798":"<","799":"s","800":"c","801":"r","802":"i","803":"p","804":"t","805":">","806":"\\","807":"n","808":"e","809":"x","810":"p","811":"o","812":"r","813":"t","814":" ","815":"d","816":"e","817":"f","818":"a","819":"u","820":"l","821":"t","822":" ","823":"{","824":"\\","825":"n","826":" ","827":" ","828":"n","829":"a","830":"m","831":"e","832":":","833":" ","834":"\\","835":"\"","836":"T","837":"e","838":"x","839":"t","840":"I","841":"n","842":"p","843":"u","844":"t","845":"\\","846":"\"","847":",","848":"\\","849":"n","850":" ","851":" ","852":"p","853":"r","854":"o","855":"p","856":"s","857":":","858":" ","859":"{","860":"\\","861":"n","862":" ","863":" ","864":" ","865":" ","866":"p","867":"l","868":"a","869":"c","870":"e","871":"h","872":"o","873":"l","874":"d","875":"e","876":"r","877":":","878":" ","879":"{","880":"\\","881":"n","882":" ","883":" ","884":" ","885":" ","886":" ","887":" ","888":"t","889":"y","890":"p","891":"e","892":":","893":" ","894":"S","895":"t","896":"r","897":"i","898":"n","899":"g","900":",","901":"\\","902":"n","903":" ","904":" ","905":" ","906":" ","907":" ","908":" ","909":"r","910":"e","911":"q","912":"u","913":"i","914":"r","915":"e","916":"d","917":":","918":" ","919":"f","920":"a","921":"l","922":"s","923":"e","924":",","925":"\\","926":"n","927":" ","928":" ","929":" ","930":" ","931":" ","932":" ","933":"d","934":"e","935":"f","936":"a","937":"u","938":"l","939":"t","940":":","941":" ","942":"\\","943":"\"","944":"\\","945":"\"","946":",","947":"\\","948":"n","949":" ","950":" ","951":" ","952":" ","953":"}","954":",","955":"\\","956":"n","957":" ","958":" ","959":" ","960":" ","961":"m","962":"o","963":"d","964":"e","965":"l","966":"V","967":"a","968":"l","969":"u","970":"e","971":":","972":" ","973":"{","974":"\\","975":"n","976":" ","977":" ","978":" ","979":" ","980":" ","981":" ","982":"t","983":"y","984":"p","985":"e","986":":","987":" ","988":"S","989":"t","990":"r","991":"i","992":"n","993":"g","994":",","995":"\\","996":"n","997":" ","998":" ","999":" ","1000":" ","1001":" ","1002":" ","1003":"r","1004":"e","1005":"q","1006":"u","1007":"i","1008":"r","1009":"e","1010":"d","1011":":","1012":" ","1013":"t","1014":"r","1015":"u","1016":"e","1017":",","1018":"\\","1019":"n","1020":" ","1021":" ","1022":" ","1023":" ","1024":"}","1025":",","1026":"\\","1027":"n","1028":" ","1029":" ","1030":"}","1031":",","1032":"\\","1033":"n","1034":" ","1035":" ","1036":"e","1037":"m","1038":"i","1039":"t","1040":"s","1041":":","1042":" ","1043":"[","1044":"\\","1045":"\"","1046":"u","1047":"p","1048":"d","1049":"a","1050":"t","1051":"e","1052":":","1053":"m","1054":"o","1055":"d","1056":"e","1057":"l","1058":"V","1059":"a","1060":"l","1061":"u","1062":"e","1063":"\\","1064":"\"","1065":"]","1066":",","1067":"\\","1068":"n","1069":" ","1070":" ","1071":"m","1072":"e","1073":"t","1074":"h","1075":"o","1076":"d","1077":"s","1078":":","1079":" ","1080":"{","1081":"\\","1082":"n","1083":" ","1084":" ","1085":" ","1086":" ","1087":"h","1088":"a","1089":"n","1090":"d","1091":"l","1092":"e","1093":"I","1094":"n","1095":"p","1096":"u","1097":"t","1098":"(","1099":"$","1100":"e","1101":"v","1102":"e","1103":"n","1104":"t","1105":")","1106":" ","1107":"{","1108":"\\","1109":"n","1110":" ","1111":" ","1112":" ","1113":" ","1114":" ","1115":" ","1116":"t","1117":"h","1118":"i","1119":"s","1120":".","1121":"$","1122":"e","1123":"m","1124":"i","1125":"t","1126":"(","1127":"\\","1128":"\"","1129":"u","1130":"p","1131":"d","1132":"a","1133":"t","1134":"e","1135":":","1136":"m","1137":"o","1138":"d","1139":"e","1140":"l","1141":"V","1142":"a","1143":"l","1144":"u","1145":"e","1146":"\\","1147":"\"","1148":",","1149":" ","1150":"$","1151":"e","1152":"v","1153":"e","1154":"n","1155":"t","1156":".","1157":"t","1158":"a","1159":"r","1160":"g","1161":"e","1162":"t","1163":".","1164":"v","1165":"a","1166":"l","1167":"u","1168":"e","1169":")","1170":";","1171":"\\","1172":"n","1173":" ","1174":" ","1175":" ","1176":" ","1177":"}","1178":",","1179":"\\","1180":"n","1181":" ","1182":" ","1183":"}","1184":",","1185":"\\","1186":"n","1187":"}","1188":";","1189":"\\","1190":"n","1191":"<","1192":"/","1193":"s","1194":"c","1195":"r","1196":"i","1197":"p","1198":"t","1199":">","1200":"\\","1201":"n","1202":"\"","1203":"]","1204":"}"},"_coverageSchema":"1a1c01bbd47fc00a2c39e90264f33305004495a9","hash":"50cdb561e85d3f78270c4f73cf7bcfaabbb50f4c"}
,"/home/james/Dropbox/vuemasterclass/src/utils/nextElementInList.js": {"path":"/home/james/Dropbox/vuemasterclass/src/utils/nextElementInList.js","statementMap":{"0":{"start":{"line":1,"column":26},"end":{"line":6,"column":1}},"1":{"start":{"line":2,"column":29},"end":{"line":2,"column":48}},"2":{"start":{"line":3,"column":25},"end":{"line":3,"column":63}},"3":{"start":{"line":4,"column":20},"end":{"line":4,"column":40}},"4":{"start":{"line":5,"column":2},"end":{"line":5,"column":19}}},"fnMap":{"0":{"name":"(anonymous_0)","decl":{"start":{"line":1,"column":26},"end":{"line":1,"column":27}},"loc":{"start":{"line":1,"column":43},"end":{"line":6,"column":1}},"line":1}},"branchMap":{},"s":{"0":2,"1":5,"2":5,"3":5,"4":5},"f":{"0":5},"b":{},"_coverageSchema":"1a1c01bbd47fc00a2c39e90264f33305004495a9","hash":"e89931dd53b64b904d545fab65378697ae36d666"}
}
